<?xml version="1.0" ?>
<!DOCTYPE coverage SYSTEM "http://cobertura.sourceforge.net/xml/coverage-04.dtd">
<coverage lines-valid="1366" lines-covered="1251" line-rate="0.9158" branches-valid="331" branches-covered="246" branch-rate="0.7432" timestamp="1755020633699" complexity="0" version="0.1">
  <sources>
    <source>D:\Project</source>
  </sources>
  <packages>
    <package name="main" line-rate="0.9158" branch-rate="0.7432">
      <classes>
        <class name="ChatListScreen.js" filename="screens\ChatListScreen.js" line-rate="0.9238" branch-rate="0.8125">
          <methods>
            <method name="ChatListScreen" hits="4" signature="()V">
              <lines>
                <line number="7" hits="4"/>
              </lines>
            </method>
            <method name="headerRight" hits="0" signature="()V">
              <lines>
                <line number="48" hits="0"/>
              </lines>
            </method>
            <method name="keyExtractor" hits="2" signature="()V">
              <lines>
                <line number="69" hits="2"/>
              </lines>
            </method>
            <method name="renderItem" hits="1" signature="()V">
              <lines>
                <line number="70" hits="1"/>
              </lines>
            </method>
            <method name="onPress" hits="1" signature="()V">
              <lines>
                <line number="73" hits="1"/>
              </lines>
            </method>
          </methods>
          <lines>
            <line number="1" hits="1" branch="false"/>
            <line number="2" hits="1" branch="false"/>
            <line number="3" hits="1" branch="false"/>
            <line number="4" hits="1" branch="false"/>
            <line number="5" hits="1" branch="false"/>
            <line number="6" hits="1" branch="false"/>
            <line number="7" hits="1" branch="true" condition-coverage="100% (1/1)"/>
            <line number="8" hits="4" branch="false"/>
            <line number="9" hits="4" branch="false"/>
            <line number="10" hits="4" branch="false"/>
            <line number="11" hits="4" branch="false"/>
            <line number="12" hits="4" branch="false"/>
            <line number="13" hits="4" branch="false"/>
            <line number="14" hits="4" branch="true" condition-coverage="100% (1/1)"/>
            <line number="15" hits="2" branch="false"/>
            <line number="16" hits="2" branch="false"/>
            <line number="17" hits="2" branch="true" condition-coverage="100% (1/1)"/>
            <line number="18" hits="2" branch="false"/>
            <line number="19" hits="2" branch="false"/>
            <line number="20" hits="2" branch="false"/>
            <line number="21" hits="2" branch="false"/>
            <line number="22" hits="2" branch="true" condition-coverage="100% (2/2)"/>
            <line number="23" hits="1" branch="false"/>
            <line number="24" hits="1" branch="false"/>
            <line number="25" hits="1" branch="true" condition-coverage="0% (0/1)"/>
            <line number="26" hits="1" branch="false"/>
            <line number="27" hits="1" branch="false"/>
            <line number="28" hits="1" branch="false"/>
            <line number="29" hits="1" branch="false"/>
            <line number="30" hits="2" branch="true" condition-coverage="100% (1/1)"/>
            <line number="31" hits="2" branch="false"/>
            <line number="32" hits="2" branch="false"/>
            <line number="33" hits="2" branch="true" condition-coverage="0% (0/1)"/>
            <line number="34" hits="0" branch="false"/>
            <line number="35" hits="0" branch="false"/>
            <line number="36" hits="2" branch="false"/>
            <line number="37" hits="2" branch="false"/>
            <line number="38" hits="2" branch="false"/>
            <line number="39" hits="2" branch="false"/>
            <line number="40" hits="2" branch="true" condition-coverage="100% (1/1)"/>
            <line number="41" hits="2" branch="false"/>
            <line number="42" hits="2" branch="false"/>
            <line number="43" hits="4" branch="false"/>
            <line number="44" hits="4" branch="false"/>
            <line number="45" hits="4" branch="false"/>
            <line number="46" hits="4" branch="true" condition-coverage="100% (1/1)"/>
            <line number="47" hits="4" branch="false"/>
            <line number="48" hits="4" branch="false"/>
            <line number="49" hits="0" branch="false"/>
            <line number="50" hits="0" branch="false"/>
            <line number="51" hits="0" branch="false"/>
            <line number="52" hits="0" branch="false"/>
            <line number="53" hits="0" branch="false"/>
            <line number="54" hits="0" branch="false"/>
            <line number="55" hits="4" branch="false"/>
            <line number="56" hits="4" branch="false"/>
            <line number="57" hits="4" branch="false"/>
            <line number="58" hits="4" branch="false"/>
            <line number="59" hits="4" branch="true" condition-coverage="100% (1/1)"/>
            <line number="60" hits="2" branch="false"/>
            <line number="61" hits="2" branch="false"/>
            <line number="62" hits="4" branch="true" condition-coverage="100% (1/1)"/>
            <line number="63" hits="1" branch="false"/>
            <line number="64" hits="1" branch="false"/>
            <line number="65" hits="1" branch="false"/>
            <line number="66" hits="1" branch="false"/>
            <line number="67" hits="1" branch="false"/>
            <line number="68" hits="1" branch="false"/>
            <line number="69" hits="1" branch="true" condition-coverage="100% (1/1)"/>
            <line number="70" hits="1" branch="true" condition-coverage="100% (1/1)"/>
            <line number="71" hits="1" branch="false"/>
            <line number="72" hits="1" branch="false"/>
            <line number="73" hits="1" branch="true" condition-coverage="100% (1/1)"/>
            <line number="74" hits="1" branch="false"/>
            <line number="75" hits="1" branch="false"/>
            <line number="76" hits="1" branch="false"/>
            <line number="77" hits="1" branch="false"/>
            <line number="78" hits="1" branch="false"/>
            <line number="79" hits="1" branch="false"/>
            <line number="80" hits="1" branch="false"/>
            <line number="81" hits="1" branch="false"/>
            <line number="82" hits="1" branch="true" condition-coverage="0% (0/1)"/>
            <line number="83" hits="1" branch="false"/>
            <line number="84" hits="1" branch="false"/>
            <line number="85" hits="1" branch="false"/>
            <line number="86" hits="1" branch="false"/>
            <line number="87" hits="1" branch="false"/>
            <line number="88" hits="1" branch="false"/>
            <line number="89" hits="1" branch="false"/>
            <line number="90" hits="1" branch="false"/>
            <line number="91" hits="1" branch="false"/>
            <line number="92" hits="1" branch="false"/>
            <line number="93" hits="1" branch="false"/>
            <line number="94" hits="1" branch="false"/>
            <line number="95" hits="1" branch="false"/>
            <line number="96" hits="1" branch="false"/>
            <line number="97" hits="1" branch="false"/>
            <line number="98" hits="1" branch="false"/>
            <line number="99" hits="1" branch="false"/>
            <line number="100" hits="1" branch="false"/>
            <line number="101" hits="1" branch="false"/>
            <line number="102" hits="1" branch="false"/>
            <line number="103" hits="1" branch="false"/>
            <line number="104" hits="1" branch="false"/>
            <line number="105" hits="1" branch="false"/>
          </lines>
        </class>
        <class name="ChatScreen.js" filename="screens\ChatScreen.js" line-rate="0.8782" branch-rate="0.9031999999999999">
          <methods>
            <method name="ChatScreen" hits="29" signature="()V">
              <lines>
                <line number="8" hits="29"/>
              </lines>
            </method>
            <method name="renderAvatar" hits="11" signature="()V">
              <lines>
                <line number="83" hits="11"/>
              </lines>
            </method>
            <method name="onPress" hits="1" signature="()V">
              <lines>
                <line number="87" hits="1"/>
              </lines>
            </method>
            <method name="onPressAvatar" hits="0" signature="()V">
              <lines>
                <line number="100" hits="0"/>
              </lines>
            </method>
            <method name="renderBubble" hits="0" signature="()V">
              <lines>
                <line number="102" hits="0"/>
              </lines>
            </method>
          </methods>
          <lines>
            <line number="1" hits="1" branch="false"/>
            <line number="2" hits="1" branch="false"/>
            <line number="3" hits="1" branch="false"/>
            <line number="4" hits="1" branch="false"/>
            <line number="5" hits="1" branch="false"/>
            <line number="6" hits="1" branch="false"/>
            <line number="7" hits="1" branch="false"/>
            <line number="8" hits="1" branch="true" condition-coverage="100% (1/1)"/>
            <line number="9" hits="29" branch="false"/>
            <line number="10" hits="29" branch="false"/>
            <line number="11" hits="29" branch="false"/>
            <line number="12" hits="29" branch="false"/>
            <line number="13" hits="29" branch="false"/>
            <line number="14" hits="29" branch="false"/>
            <line number="15" hits="29" branch="false"/>
            <line number="16" hits="29" branch="false"/>
            <line number="17" hits="29" branch="true" condition-coverage="100% (1/1)"/>
            <line number="18" hits="9" branch="false"/>
            <line number="19" hits="9" branch="false"/>
            <line number="20" hits="9" branch="false"/>
            <line number="21" hits="9" branch="false"/>
            <line number="22" hits="9" branch="false"/>
            <line number="23" hits="9" branch="true" condition-coverage="100% (1/1)"/>
            <line number="24" hits="9" branch="true" condition-coverage="100% (2/2)"/>
            <line number="25" hits="9" branch="false"/>
            <line number="26" hits="9" branch="false"/>
            <line number="27" hits="9" branch="false"/>
            <line number="28" hits="9" branch="true" condition-coverage="100% (1/1)"/>
            <line number="29" hits="9" branch="true" condition-coverage="100% (1/1)"/>
            <line number="30" hits="8" branch="true" condition-coverage="100% (1/1)"/>
            <line number="31" hits="3" branch="false"/>
            <line number="32" hits="3" branch="false"/>
            <line number="33" hits="3" branch="false"/>
            <line number="34" hits="3" branch="true" condition-coverage="100% (4/4)"/>
            <line number="35" hits="8" branch="false"/>
            <line number="36" hits="8" branch="false"/>
            <line number="37" hits="9" branch="false"/>
            <line number="38" hits="9" branch="true" condition-coverage="100% (1/1)"/>
            <line number="39" hits="9" branch="false"/>
            <line number="40" hits="9" branch="false"/>
            <line number="41" hits="0" branch="false"/>
            <line number="42" hits="0" branch="false"/>
            <line number="43" hits="0" branch="false"/>
            <line number="44" hits="0" branch="false"/>
            <line number="45" hits="0" branch="false"/>
            <line number="46" hits="0" branch="false"/>
            <line number="47" hits="0" branch="false"/>
            <line number="48" hits="0" branch="false"/>
            <line number="49" hits="9" branch="false"/>
            <line number="50" hits="9" branch="false"/>
            <line number="51" hits="9" branch="true" condition-coverage="100% (1/1)"/>
            <line number="52" hits="29" branch="false"/>
            <line number="53" hits="29" branch="false"/>
            <line number="54" hits="29" branch="true" condition-coverage="100% (1/1)"/>
            <line number="55" hits="11" branch="true" condition-coverage="100% (2/2)"/>
            <line number="56" hits="2" branch="true" condition-coverage="100% (1/1)"/>
            <line number="57" hits="2" branch="true" condition-coverage="75% (3/4)"/>
            <line number="58" hits="2" branch="false"/>
            <line number="59" hits="29" branch="false"/>
            <line number="60" hits="29" branch="false"/>
            <line number="61" hits="29" branch="true" condition-coverage="50% (1/2)"/>
            <line number="62" hits="3" branch="true" condition-coverage="100% (1/1)"/>
            <line number="63" hits="1" branch="false"/>
            <line number="64" hits="1" branch="true" condition-coverage="100% (1/1)"/>
            <line number="65" hits="1" branch="false"/>
            <line number="66" hits="29" branch="false"/>
            <line number="67" hits="29" branch="false"/>
            <line number="68" hits="29" branch="true" condition-coverage="100% (1/1)"/>
            <line number="69" hits="18" branch="false"/>
            <line number="70" hits="18" branch="false"/>
            <line number="71" hits="18" branch="false"/>
            <line number="72" hits="18" branch="false"/>
            <line number="73" hits="18" branch="false"/>
            <line number="74" hits="18" branch="false"/>
            <line number="75" hits="18" branch="true" condition-coverage="100% (1/1)"/>
            <line number="76" hits="11" branch="false"/>
            <line number="77" hits="11" branch="false"/>
            <line number="78" hits="11" branch="false"/>
            <line number="79" hits="11" branch="false"/>
            <line number="80" hits="11" branch="false"/>
            <line number="81" hits="11" branch="false"/>
            <line number="82" hits="11" branch="false"/>
            <line number="83" hits="11" branch="true" condition-coverage="100% (1/1)"/>
            <line number="84" hits="11" branch="false"/>
            <line number="85" hits="11" branch="false"/>
            <line number="86" hits="11" branch="false"/>
            <line number="87" hits="11" branch="true" condition-coverage="100% (1/1)"/>
            <line number="88" hits="1" branch="false"/>
            <line number="89" hits="1" branch="false"/>
            <line number="90" hits="1" branch="false"/>
            <line number="91" hits="1" branch="false"/>
            <line number="92" hits="1" branch="false"/>
            <line number="93" hits="11" branch="false"/>
            <line number="94" hits="11" branch="false"/>
            <line number="95" hits="0" branch="true" condition-coverage="0% (0/1)"/>
            <line number="96" hits="11" branch="false"/>
            <line number="97" hits="11" branch="false"/>
            <line number="98" hits="11" branch="false"/>
            <line number="99" hits="11" branch="false"/>
            <line number="100" hits="11" branch="false"/>
            <line number="101" hits="11" branch="false"/>
            <line number="102" hits="11" branch="false"/>
            <line number="103" hits="0" branch="false"/>
            <line number="104" hits="0" branch="false"/>
            <line number="105" hits="0" branch="false"/>
            <line number="106" hits="0" branch="false"/>
            <line number="107" hits="0" branch="false"/>
            <line number="108" hits="11" branch="false"/>
            <line number="109" hits="11" branch="false"/>
            <line number="110" hits="11" branch="false"/>
            <line number="111" hits="11" branch="false"/>
            <line number="112" hits="1" branch="false"/>
            <line number="113" hits="1" branch="false"/>
            <line number="114" hits="1" branch="false"/>
            <line number="115" hits="1" branch="false"/>
          </lines>
        </class>
        <class name="ForgotPasswordScreen.js" filename="screens\ForgotPasswordScreen.js" line-rate="1" branch-rate="0.55">
          <methods>
            <method name="ForgotPasswordScreen" hits="9" signature="()V">
              <lines>
                <line number="5" hits="9"/>
              </lines>
            </method>
          </methods>
          <lines>
            <line number="1" hits="1" branch="false"/>
            <line number="2" hits="1" branch="false"/>
            <line number="3" hits="1" branch="false"/>
            <line number="4" hits="1" branch="false"/>
            <line number="5" hits="1" branch="true" condition-coverage="100% (1/1)"/>
            <line number="6" hits="9" branch="false"/>
            <line number="7" hits="9" branch="false"/>
            <line number="8" hits="9" branch="false"/>
            <line number="9" hits="9" branch="false"/>
            <line number="10" hits="9" branch="false"/>
            <line number="11" hits="9" branch="false"/>
            <line number="12" hits="9" branch="false"/>
            <line number="13" hits="9" branch="true" condition-coverage="100% (2/2)"/>
            <line number="14" hits="1" branch="true" condition-coverage="0% (0/1)"/>
            <line number="15" hits="1" branch="false"/>
            <line number="16" hits="1" branch="false"/>
            <line number="17" hits="1" branch="false"/>
            <line number="18" hits="1" branch="false"/>
            <line number="19" hits="1" branch="true" condition-coverage="0% (0/1)"/>
            <line number="20" hits="1" branch="false"/>
            <line number="21" hits="1" branch="true" condition-coverage="0% (0/1)"/>
            <line number="22" hits="9" branch="false"/>
            <line number="23" hits="9" branch="false"/>
            <line number="24" hits="9" branch="true" condition-coverage="100% (2/2)"/>
            <line number="25" hits="1" branch="true" condition-coverage="0% (0/1)"/>
            <line number="26" hits="1" branch="true" condition-coverage="0% (0/1)"/>
            <line number="27" hits="1" branch="true" condition-coverage="0% (0/1)"/>
            <line number="28" hits="1" branch="true" condition-coverage="0% (0/1)"/>
            <line number="29" hits="1" branch="false"/>
            <line number="30" hits="1" branch="false"/>
            <line number="31" hits="1" branch="false"/>
            <line number="32" hits="1" branch="false"/>
            <line number="33" hits="1" branch="true" condition-coverage="0% (0/1)"/>
            <line number="34" hits="1" branch="false"/>
            <line number="35" hits="1" branch="true" condition-coverage="0% (0/1)"/>
            <line number="36" hits="9" branch="false"/>
            <line number="37" hits="9" branch="false"/>
            <line number="38" hits="9" branch="false"/>
            <line number="39" hits="9" branch="false"/>
            <line number="40" hits="9" branch="true" condition-coverage="100% (1/1)"/>
            <line number="41" hits="3" branch="false"/>
            <line number="42" hits="3" branch="true" condition-coverage="100% (2/2)"/>
            <line number="43" hits="9" branch="true" condition-coverage="100% (1/1)"/>
            <line number="44" hits="6" branch="false"/>
            <line number="45" hits="6" branch="false"/>
            <line number="46" hits="6" branch="false"/>
            <line number="47" hits="6" branch="true" condition-coverage="100% (2/2)"/>
            <line number="48" hits="9" branch="false"/>
            <line number="49" hits="9" branch="false"/>
            <line number="50" hits="9" branch="false"/>
            <line number="51" hits="9" branch="false"/>
            <line number="52" hits="1" branch="false"/>
            <line number="53" hits="1" branch="false"/>
            <line number="54" hits="1" branch="false"/>
            <line number="55" hits="1" branch="false"/>
            <line number="56" hits="1" branch="false"/>
            <line number="57" hits="1" branch="false"/>
            <line number="58" hits="1" branch="false"/>
          </lines>
        </class>
        <class name="LoginScreen.js" filename="screens\LoginScreen.js" line-rate="0.9852" branch-rate="0.75">
          <methods>
            <method name="LoginScreen" hits="9" signature="()V">
              <lines>
                <line number="15" hits="9"/>
              </lines>
            </method>
            <method name="onPress" hits="1" signature="()V">
              <lines>
                <line number="88" hits="1"/>
              </lines>
            </method>
            <method name="onPress" hits="1" signature="()V">
              <lines>
                <line number="100" hits="1"/>
              </lines>
            </method>
          </methods>
          <lines>
            <line number="1" hits="1" branch="false"/>
            <line number="2" hits="1" branch="false"/>
            <line number="3" hits="1" branch="false"/>
            <line number="4" hits="1" branch="false"/>
            <line number="5" hits="1" branch="false"/>
            <line number="6" hits="1" branch="false"/>
            <line number="7" hits="1" branch="false"/>
            <line number="8" hits="1" branch="false"/>
            <line number="9" hits="1" branch="false"/>
            <line number="10" hits="1" branch="false"/>
            <line number="11" hits="1" branch="false"/>
            <line number="12" hits="1" branch="false"/>
            <line number="13" hits="1" branch="false"/>
            <line number="14" hits="1" branch="false"/>
            <line number="15" hits="1" branch="true" condition-coverage="100% (1/1)"/>
            <line number="16" hits="9" branch="false"/>
            <line number="17" hits="9" branch="false"/>
            <line number="18" hits="9" branch="false"/>
            <line number="19" hits="9" branch="false"/>
            <line number="20" hits="9" branch="true" condition-coverage="100% (2/2)"/>
            <line number="21" hits="2" branch="true" condition-coverage="100% (2/2)"/>
            <line number="22" hits="1" branch="false"/>
            <line number="23" hits="1" branch="false"/>
            <line number="24" hits="1" branch="false"/>
            <line number="25" hits="1" branch="false"/>
            <line number="26" hits="1" branch="false"/>
            <line number="27" hits="1" branch="false"/>
            <line number="28" hits="1" branch="false"/>
            <line number="29" hits="1" branch="false"/>
            <line number="30" hits="2" branch="true" condition-coverage="50% (1/2)"/>
            <line number="31" hits="1" branch="false"/>
            <line number="32" hits="2" branch="true" condition-coverage="0% (0/1)"/>
            <line number="33" hits="0" branch="false"/>
            <line number="34" hits="2" branch="true" condition-coverage="100% (1/1)"/>
            <line number="35" hits="1" branch="false"/>
            <line number="36" hits="1" branch="false"/>
            <line number="37" hits="9" branch="false"/>
            <line number="38" hits="9" branch="true" condition-coverage="100% (2/2)"/>
            <line number="39" hits="2" branch="false"/>
            <line number="40" hits="2" branch="false"/>
            <line number="41" hits="2" branch="false"/>
            <line number="42" hits="2" branch="true" condition-coverage="100% (1/1)"/>
            <line number="43" hits="1" branch="false"/>
            <line number="44" hits="2" branch="true" condition-coverage="50% (1/2)"/>
            <line number="45" hits="1" branch="false"/>
            <line number="46" hits="1" branch="false"/>
            <line number="47" hits="1" branch="false"/>
            <line number="48" hits="1" branch="false"/>
            <line number="49" hits="1" branch="false"/>
            <line number="50" hits="1" branch="false"/>
            <line number="51" hits="2" branch="true" condition-coverage="50% (1/2)"/>
            <line number="52" hits="1" branch="false"/>
            <line number="53" hits="1" branch="false"/>
            <line number="54" hits="1" branch="true" condition-coverage="0% (0/1)"/>
            <line number="55" hits="0" branch="false"/>
            <line number="56" hits="1" branch="false"/>
            <line number="57" hits="1" branch="true" condition-coverage="0% (0/1)"/>
            <line number="58" hits="1" branch="false"/>
            <line number="59" hits="1" branch="false"/>
            <line number="60" hits="9" branch="false"/>
            <line number="61" hits="9" branch="true" condition-coverage="100% (1/1)"/>
            <line number="62" hits="9" branch="false"/>
            <line number="63" hits="9" branch="false"/>
            <line number="64" hits="9" branch="false"/>
            <line number="65" hits="9" branch="false"/>
            <line number="66" hits="9" branch="false"/>
            <line number="67" hits="9" branch="false"/>
            <line number="68" hits="9" branch="false"/>
            <line number="69" hits="9" branch="false"/>
            <line number="70" hits="9" branch="false"/>
            <line number="71" hits="9" branch="false"/>
            <line number="72" hits="9" branch="false"/>
            <line number="73" hits="9" branch="false"/>
            <line number="74" hits="9" branch="false"/>
            <line number="75" hits="9" branch="false"/>
            <line number="76" hits="9" branch="false"/>
            <line number="77" hits="9" branch="false"/>
            <line number="78" hits="9" branch="false"/>
            <line number="79" hits="9" branch="false"/>
            <line number="80" hits="9" branch="false"/>
            <line number="81" hits="9" branch="false"/>
            <line number="82" hits="9" branch="false"/>
            <line number="83" hits="9" branch="false"/>
            <line number="84" hits="9" branch="false"/>
            <line number="85" hits="9" branch="false"/>
            <line number="86" hits="9" branch="false"/>
            <line number="87" hits="9" branch="false"/>
            <line number="88" hits="9" branch="true" condition-coverage="100% (1/1)"/>
            <line number="89" hits="9" branch="false"/>
            <line number="90" hits="9" branch="false"/>
            <line number="91" hits="9" branch="false"/>
            <line number="92" hits="9" branch="true" condition-coverage="100% (1/1)"/>
            <line number="93" hits="9" branch="false"/>
            <line number="94" hits="9" branch="false"/>
            <line number="95" hits="9" branch="false"/>
            <line number="96" hits="9" branch="true" condition-coverage="100% (2/2)"/>
            <line number="97" hits="9" branch="false"/>
            <line number="98" hits="9" branch="false"/>
            <line number="99" hits="9" branch="false"/>
            <line number="100" hits="9" branch="true" condition-coverage="100% (1/1)"/>
            <line number="101" hits="9" branch="false"/>
            <line number="102" hits="9" branch="false"/>
            <line number="103" hits="9" branch="false"/>
            <line number="104" hits="9" branch="false"/>
            <line number="105" hits="9" branch="false"/>
            <line number="106" hits="9" branch="false"/>
            <line number="107" hits="9" branch="false"/>
            <line number="108" hits="9" branch="false"/>
            <line number="109" hits="9" branch="false"/>
            <line number="110" hits="9" branch="false"/>
            <line number="111" hits="9" branch="false"/>
            <line number="112" hits="9" branch="false"/>
            <line number="113" hits="9" branch="false"/>
            <line number="114" hits="9" branch="false"/>
            <line number="115" hits="9" branch="false"/>
            <line number="116" hits="1" branch="false"/>
            <line number="117" hits="1" branch="false"/>
            <line number="118" hits="1" branch="false"/>
            <line number="119" hits="1" branch="false"/>
            <line number="120" hits="1" branch="false"/>
            <line number="121" hits="1" branch="false"/>
            <line number="122" hits="1" branch="false"/>
            <line number="123" hits="1" branch="false"/>
            <line number="124" hits="1" branch="false"/>
            <line number="125" hits="1" branch="false"/>
            <line number="126" hits="1" branch="false"/>
            <line number="127" hits="1" branch="false"/>
            <line number="128" hits="1" branch="false"/>
            <line number="129" hits="1" branch="false"/>
            <line number="130" hits="1" branch="false"/>
            <line number="131" hits="1" branch="false"/>
            <line number="132" hits="1" branch="false"/>
            <line number="133" hits="1" branch="false"/>
            <line number="134" hits="1" branch="false"/>
            <line number="135" hits="1" branch="false"/>
            <line number="136" hits="1" branch="false"/>
          </lines>
        </class>
        <class name="MapScreen.js" filename="screens\MapScreen.js" line-rate="0.9423" branch-rate="0.7543000000000001">
          <methods>
            <method name="MapScreen" hits="14" signature="()V">
              <lines>
                <line number="13" hits="14"/>
              </lines>
            </method>
            <method name="bootstrapInitial" hits="7" signature="()V">
              <lines>
                <line number="43" hits="7"/>
              </lines>
            </method>
            <method name="_bootstrapInitial" hits="4" signature="()V">
              <lines>
                <line number="44" hits="4"/>
              </lines>
            </method>
            <method name="ensureInitialAndRemount" hits="4" signature="()V">
              <lines>
                <line number="72" hits="4"/>
              </lines>
            </method>
            <method name="_ensureInitialAndRemount" hits="4" signature="()V">
              <lines>
                <line number="73" hits="4"/>
              </lines>
            </method>
            <method name="animateTo" hits="2" signature="()V">
              <lines>
                <line number="82" hits="2"/>
              </lines>
            </method>
            <method name="fetchOccupancy" hits="9" signature="()V">
              <lines>
                <line number="86" hits="9"/>
              </lines>
            </method>
            <method name="_fetchOccupancy" hits="4" signature="()V">
              <lines>
                <line number="87" hits="4"/>
              </lines>
            </method>
            <method name="startPolling" hits="4" signature="()V">
              <lines>
                <line number="95" hits="4"/>
              </lines>
            </method>
          </methods>
          <lines>
            <line number="1" hits="1" branch="false"/>
            <line number="2" hits="1" branch="false"/>
            <line number="3" hits="1" branch="false"/>
            <line number="4" hits="1" branch="false"/>
            <line number="5" hits="1" branch="false"/>
            <line number="6" hits="1" branch="false"/>
            <line number="7" hits="1" branch="false"/>
            <line number="8" hits="1" branch="false"/>
            <line number="9" hits="1" branch="false"/>
            <line number="10" hits="1" branch="false"/>
            <line number="11" hits="1" branch="false"/>
            <line number="12" hits="1" branch="false"/>
            <line number="13" hits="1" branch="true" condition-coverage="100% (1/1)"/>
            <line number="14" hits="14" branch="false"/>
            <line number="15" hits="14" branch="false"/>
            <line number="16" hits="14" branch="false"/>
            <line number="17" hits="14" branch="false"/>
            <line number="18" hits="14" branch="false"/>
            <line number="19" hits="14" branch="false"/>
            <line number="20" hits="14" branch="false"/>
            <line number="21" hits="14" branch="false"/>
            <line number="22" hits="14" branch="false"/>
            <line number="23" hits="14" branch="false"/>
            <line number="24" hits="14" branch="false"/>
            <line number="25" hits="14" branch="true" condition-coverage="100% (1/1)"/>
            <line number="26" hits="4" branch="false"/>
            <line number="27" hits="4" branch="false"/>
            <line number="28" hits="14" branch="false"/>
            <line number="29" hits="14" branch="false"/>
            <line number="30" hits="14" branch="true" condition-coverage="100% (1/1)"/>
            <line number="31" hits="4" branch="true" condition-coverage="0% (0/1)"/>
            <line number="32" hits="0" branch="false"/>
            <line number="33" hits="0" branch="false"/>
            <line number="34" hits="0" branch="false"/>
            <line number="35" hits="0" branch="false"/>
            <line number="36" hits="4" branch="false"/>
            <line number="37" hits="4" branch="false"/>
            <line number="38" hits="4" branch="true" condition-coverage="100% (1/1)"/>
            <line number="39" hits="4" branch="false"/>
            <line number="40" hits="4" branch="false"/>
            <line number="41" hits="4" branch="false"/>
            <line number="42" hits="14" branch="false"/>
            <line number="43" hits="7" branch="true" condition-coverage="100% (1/1)"/>
            <line number="44" hits="14" branch="true" condition-coverage="100% (2/2)"/>
            <line number="45" hits="7" branch="false"/>
            <line number="46" hits="7" branch="true" condition-coverage="80% (4/5)"/>
            <line number="47" hits="1" branch="true" condition-coverage="0% (0/1)"/>
            <line number="48" hits="1" branch="false"/>
            <line number="49" hits="1" branch="false"/>
            <line number="50" hits="1" branch="false"/>
            <line number="51" hits="1" branch="false"/>
            <line number="52" hits="1" branch="false"/>
            <line number="53" hits="1" branch="false"/>
            <line number="54" hits="1" branch="false"/>
            <line number="55" hits="1" branch="true" condition-coverage="100% (1/1)"/>
            <line number="56" hits="6" branch="false"/>
            <line number="57" hits="6" branch="false"/>
            <line number="58" hits="7" branch="true" condition-coverage="100% (1/1)"/>
            <line number="59" hits="5" branch="false"/>
            <line number="60" hits="5" branch="false"/>
            <line number="61" hits="5" branch="true" condition-coverage="0% (0/1)"/>
            <line number="62" hits="5" branch="false"/>
            <line number="63" hits="5" branch="false"/>
            <line number="64" hits="5" branch="false"/>
            <line number="65" hits="5" branch="false"/>
            <line number="66" hits="5" branch="false"/>
            <line number="67" hits="5" branch="false"/>
            <line number="68" hits="5" branch="false"/>
            <line number="69" hits="5" branch="false"/>
            <line number="70" hits="7" branch="true" condition-coverage="0% (0/1)"/>
            <line number="71" hits="7" branch="false"/>
            <line number="72" hits="4" branch="true" condition-coverage="100% (1/1)"/>
            <line number="73" hits="14" branch="true" condition-coverage="100% (2/2)"/>
            <line number="74" hits="4" branch="true" condition-coverage="100% (1/1)"/>
            <line number="75" hits="1" branch="true" condition-coverage="100% (1/1)"/>
            <line number="76" hits="1" branch="false"/>
            <line number="77" hits="1" branch="true" condition-coverage="100% (1/1)"/>
            <line number="78" hits="3" branch="false"/>
            <line number="79" hits="3" branch="true" condition-coverage="100% (1/1)"/>
            <line number="80" hits="4" branch="false"/>
            <line number="81" hits="14" branch="false"/>
            <line number="82" hits="14" branch="true" condition-coverage="100% (1/1)"/>
            <line number="83" hits="2" branch="true" condition-coverage="0% (0/1)"/>
            <line number="84" hits="2" branch="false"/>
            <line number="85" hits="2" branch="false"/>
            <line number="86" hits="9" branch="true" condition-coverage="100% (1/1)"/>
            <line number="87" hits="14" branch="true" condition-coverage="100% (2/2)"/>
            <line number="88" hits="9" branch="false"/>
            <line number="89" hits="9" branch="false"/>
            <line number="90" hits="9" branch="false"/>
            <line number="91" hits="9" branch="false"/>
            <line number="92" hits="9" branch="true" condition-coverage="0% (0/1)"/>
            <line number="93" hits="9" branch="false"/>
            <line number="94" hits="14" branch="false"/>
            <line number="95" hits="14" branch="true" condition-coverage="100% (1/1)"/>
            <line number="96" hits="4" branch="true" condition-coverage="0% (0/1)"/>
            <line number="97" hits="4" branch="false"/>
            <line number="98" hits="4" branch="true" condition-coverage="100% (3/3)"/>
            <line number="99" hits="1" branch="false"/>
            <line number="100" hits="1" branch="false"/>
            <line number="101" hits="4" branch="true" condition-coverage="100% (1/1)"/>
            <line number="102" hits="6" branch="false"/>
            <line number="103" hits="6" branch="true" condition-coverage="100% (3/3)"/>
            <line number="104" hits="3" branch="false"/>
            <line number="105" hits="6" branch="true" condition-coverage="0% (0/3)"/>
            <line number="106" hits="6" branch="true" condition-coverage="100% (2/2)"/>
            <line number="107" hits="6" branch="true" condition-coverage="100% (3/3)"/>
            <line number="108" hits="2" branch="false"/>
            <line number="109" hits="2" branch="false"/>
            <line number="110" hits="6" branch="true" condition-coverage="0% (0/1)"/>
            <line number="111" hits="6" branch="true" condition-coverage="100% (1/1)"/>
            <line number="112" hits="0" branch="true" condition-coverage="0% (0/1)"/>
            <line number="113" hits="0" branch="false"/>
            <line number="114" hits="0" branch="false"/>
            <line number="115" hits="0" branch="false"/>
            <line number="116" hits="0" branch="true" condition-coverage="100% (1/1)"/>
            <line number="117" hits="2" branch="false"/>
            <line number="118" hits="4" branch="false"/>
            <line number="119" hits="4" branch="false"/>
            <line number="120" hits="14" branch="false"/>
            <line number="121" hits="14" branch="true" condition-coverage="100% (2/2)"/>
            <line number="122" hits="4" branch="false"/>
            <line number="123" hits="4" branch="false"/>
            <line number="124" hits="4" branch="false"/>
            <line number="125" hits="4" branch="false"/>
            <line number="126" hits="4" branch="false"/>
            <line number="127" hits="4" branch="false"/>
            <line number="128" hits="4" branch="true" condition-coverage="100% (1/1)"/>
            <line number="129" hits="10" branch="false"/>
            <line number="130" hits="10" branch="false"/>
            <line number="131" hits="10" branch="false"/>
            <line number="132" hits="10" branch="false"/>
            <line number="133" hits="10" branch="false"/>
            <line number="134" hits="10" branch="false"/>
            <line number="135" hits="10" branch="false"/>
            <line number="136" hits="10" branch="false"/>
            <line number="137" hits="10" branch="false"/>
            <line number="138" hits="10" branch="false"/>
            <line number="139" hits="14" branch="false"/>
            <line number="140" hits="14" branch="false"/>
            <line number="141" hits="14" branch="false"/>
            <line number="142" hits="14" branch="true" condition-coverage="100% (1/1)"/>
            <line number="143" hits="14" branch="true" condition-coverage="0% (0/1)"/>
            <line number="144" hits="14" branch="false"/>
            <line number="145" hits="14" branch="false"/>
            <line number="146" hits="14" branch="false"/>
            <line number="147" hits="14" branch="false"/>
            <line number="148" hits="1" branch="false"/>
            <line number="149" hits="1" branch="false"/>
            <line number="150" hits="1" branch="false"/>
            <line number="151" hits="1" branch="false"/>
            <line number="152" hits="1" branch="false"/>
            <line number="153" hits="1" branch="false"/>
            <line number="154" hits="1" branch="false"/>
            <line number="155" hits="1" branch="false"/>
            <line number="156" hits="1" branch="false"/>
          </lines>
        </class>
        <class name="NearbyUsersScreen.js" filename="screens\NearbyUsersScreen.js" line-rate="0.9677" branch-rate="0.5357">
          <methods>
            <method name="NearbyUsersScreen" hits="4" signature="()V">
              <lines>
                <line number="10" hits="4"/>
              </lines>
            </method>
            <method name="getQuickCoords" hits="2" signature="()V">
              <lines>
                <line number="20" hits="2"/>
              </lines>
            </method>
            <method name="_getQuickCoords" hits="2" signature="()V">
              <lines>
                <line number="21" hits="2"/>
              </lines>
            </method>
            <method name="keyExtractor" hits="2" signature="()V">
              <lines>
                <line number="60" hits="2"/>
              </lines>
            </method>
            <method name="renderItem" hits="1" signature="()V">
              <lines>
                <line number="61" hits="1"/>
              </lines>
            </method>
            <method name="onPress" hits="1" signature="()V">
              <lines>
                <line number="66" hits="1"/>
              </lines>
            </method>
            <method name="onRefresh" hits="0" signature="()V">
              <lines>
                <line number="76" hits="0"/>
              </lines>
            </method>
          </methods>
          <lines>
            <line number="1" hits="1" branch="false"/>
            <line number="2" hits="1" branch="false"/>
            <line number="3" hits="1" branch="false"/>
            <line number="4" hits="1" branch="false"/>
            <line number="5" hits="1" branch="false"/>
            <line number="6" hits="1" branch="false"/>
            <line number="7" hits="1" branch="false"/>
            <line number="8" hits="1" branch="false"/>
            <line number="9" hits="1" branch="false"/>
            <line number="10" hits="1" branch="true" condition-coverage="100% (1/1)"/>
            <line number="11" hits="4" branch="false"/>
            <line number="12" hits="4" branch="false"/>
            <line number="13" hits="4" branch="false"/>
            <line number="14" hits="4" branch="false"/>
            <line number="15" hits="4" branch="false"/>
            <line number="16" hits="4" branch="false"/>
            <line number="17" hits="4" branch="false"/>
            <line number="18" hits="4" branch="true" condition-coverage="100% (1/1)"/>
            <line number="19" hits="4" branch="true" condition-coverage="100% (1/1)"/>
            <line number="20" hits="2" branch="true" condition-coverage="100% (1/1)"/>
            <line number="21" hits="4" branch="true" condition-coverage="100% (2/2)"/>
            <line number="22" hits="2" branch="false"/>
            <line number="23" hits="2" branch="true" condition-coverage="0% (0/4)"/>
            <line number="24" hits="2" branch="false"/>
            <line number="25" hits="2" branch="false"/>
            <line number="26" hits="2" branch="false"/>
            <line number="27" hits="2" branch="false"/>
            <line number="28" hits="2" branch="false"/>
            <line number="29" hits="2" branch="false"/>
            <line number="30" hits="2" branch="true" condition-coverage="0% (0/1)"/>
            <line number="31" hits="0" branch="false"/>
            <line number="32" hits="0" branch="false"/>
            <line number="33" hits="4" branch="false"/>
            <line number="34" hits="4" branch="true" condition-coverage="50% (2/4)"/>
            <line number="35" hits="2" branch="true" condition-coverage="0% (0/1)"/>
            <line number="36" hits="2" branch="false"/>
            <line number="37" hits="2" branch="false"/>
            <line number="38" hits="2" branch="false"/>
            <line number="39" hits="2" branch="true" condition-coverage="0% (0/1)"/>
            <line number="40" hits="2" branch="false"/>
            <line number="41" hits="2" branch="false"/>
            <line number="42" hits="2" branch="false"/>
            <line number="43" hits="2" branch="true" condition-coverage="0% (0/1)"/>
            <line number="44" hits="0" branch="false"/>
            <line number="45" hits="2" branch="false"/>
            <line number="46" hits="2" branch="true" condition-coverage="0% (0/1)"/>
            <line number="47" hits="2" branch="false"/>
            <line number="48" hits="4" branch="false"/>
            <line number="49" hits="4" branch="false"/>
            <line number="50" hits="4" branch="true" condition-coverage="100% (1/1)"/>
            <line number="51" hits="4" branch="true" condition-coverage="50% (1/2)"/>
            <line number="52" hits="2" branch="false"/>
            <line number="53" hits="2" branch="false"/>
            <line number="54" hits="2" branch="false"/>
            <line number="55" hits="2" branch="true" condition-coverage="100% (1/1)"/>
            <line number="56" hits="1" branch="false"/>
            <line number="57" hits="1" branch="true" condition-coverage="100% (1/1)"/>
            <line number="58" hits="1" branch="false"/>
            <line number="59" hits="1" branch="false"/>
            <line number="60" hits="1" branch="true" condition-coverage="100% (1/1)"/>
            <line number="61" hits="1" branch="true" condition-coverage="100% (1/1)"/>
            <line number="62" hits="1" branch="false"/>
            <line number="63" hits="1" branch="false"/>
            <line number="64" hits="1" branch="false"/>
            <line number="65" hits="1" branch="false"/>
            <line number="66" hits="1" branch="true" condition-coverage="100% (1/1)"/>
            <line number="67" hits="1" branch="false"/>
            <line number="68" hits="1" branch="true" condition-coverage="0% (0/1)"/>
            <line number="69" hits="1" branch="false"/>
            <line number="70" hits="1" branch="false"/>
            <line number="71" hits="1" branch="false"/>
            <line number="72" hits="1" branch="false"/>
            <line number="73" hits="1" branch="false"/>
            <line number="74" hits="1" branch="false"/>
            <line number="75" hits="1" branch="false"/>
            <line number="76" hits="1" branch="false"/>
            <line number="77" hits="1" branch="false"/>
            <line number="78" hits="4" branch="false"/>
            <line number="79" hits="4" branch="false"/>
            <line number="80" hits="4" branch="false"/>
            <line number="81" hits="4" branch="false"/>
            <line number="82" hits="1" branch="false"/>
            <line number="83" hits="1" branch="false"/>
            <line number="84" hits="1" branch="false"/>
            <line number="85" hits="1" branch="false"/>
            <line number="86" hits="1" branch="false"/>
            <line number="87" hits="1" branch="false"/>
            <line number="88" hits="1" branch="false"/>
            <line number="89" hits="1" branch="false"/>
            <line number="90" hits="1" branch="false"/>
            <line number="91" hits="1" branch="false"/>
            <line number="92" hits="1" branch="false"/>
            <line number="93" hits="1" branch="false"/>
          </lines>
        </class>
        <class name="PomodoroScreen.js" filename="screens\PomodoroScreen.js" line-rate="0.7134999999999999" branch-rate="0.7666">
          <methods>
            <method name="getDistance" hits="0" signature="()V">
              <lines>
                <line number="7" hits="0"/>
              </lines>
            </method>
            <method name="PomodoroScreen" hits="10" signature="()V">
              <lines>
                <line number="17" hits="10"/>
              </lines>
            </method>
            <method name="h" hits="0" signature="()V">
              <lines>
                <line number="43" hits="0"/>
              </lines>
            </method>
            <method name="getPositionFallback" hits="0" signature="()V">
              <lines>
                <line number="93" hits="0"/>
              </lines>
            </method>
            <method name="clearWatch" hits="2" signature="()V">
              <lines>
                <line number="98" hits="2"/>
              </lines>
            </method>
            <method name="startWatch" hits="2" signature="()V">
              <lines>
                <line number="105" hits="2"/>
              </lines>
            </method>
            <method name="_geolocation.default.watchPosition.enableHighAccuracy" hits="0" signature="()V">
              <lines>
                <line number="108" hits="0"/>
              </lines>
            </method>
            <method name="_geolocation.default.watchPosition.enableHighAccuracy" hits="0" signature="()V">
              <lines>
                <line number="130" hits="0"/>
              </lines>
            </method>
            <method name="stopPomodoro" hits="2" signature="()V">
              <lines>
                <line number="136" hits="2"/>
              </lines>
            </method>
          </methods>
          <lines>
            <line number="1" hits="1" branch="false"/>
            <line number="2" hits="1" branch="false"/>
            <line number="3" hits="1" branch="false"/>
            <line number="4" hits="1" branch="false"/>
            <line number="5" hits="1" branch="false"/>
            <line number="6" hits="1" branch="false"/>
            <line number="7" hits="0" branch="false"/>
            <line number="8" hits="0" branch="false"/>
            <line number="9" hits="0" branch="false"/>
            <line number="10" hits="0" branch="false"/>
            <line number="11" hits="0" branch="false"/>
            <line number="12" hits="0" branch="false"/>
            <line number="13" hits="0" branch="false"/>
            <line number="14" hits="0" branch="false"/>
            <line number="15" hits="0" branch="false"/>
            <line number="16" hits="1" branch="false"/>
            <line number="17" hits="1" branch="true" condition-coverage="100% (1/1)"/>
            <line number="18" hits="10" branch="false"/>
            <line number="19" hits="10" branch="false"/>
            <line number="20" hits="10" branch="false"/>
            <line number="21" hits="10" branch="false"/>
            <line number="22" hits="10" branch="false"/>
            <line number="23" hits="10" branch="false"/>
            <line number="24" hits="10" branch="false"/>
            <line number="25" hits="10" branch="false"/>
            <line number="26" hits="10" branch="false"/>
            <line number="27" hits="10" branch="false"/>
            <line number="28" hits="10" branch="false"/>
            <line number="29" hits="10" branch="false"/>
            <line number="30" hits="10" branch="false"/>
            <line number="31" hits="10" branch="false"/>
            <line number="32" hits="10" branch="false"/>
            <line number="33" hits="10" branch="false"/>
            <line number="34" hits="10" branch="false"/>
            <line number="35" hits="10" branch="false"/>
            <line number="36" hits="10" branch="false"/>
            <line number="37" hits="10" branch="false"/>
            <line number="38" hits="10" branch="false"/>
            <line number="39" hits="10" branch="true" condition-coverage="100% (1/1)"/>
            <line number="40" hits="10" branch="true" condition-coverage="100% (1/1)"/>
            <line number="41" hits="10" branch="false"/>
            <line number="42" hits="10" branch="true" condition-coverage="100% (1/1)"/>
            <line number="43" hits="6" branch="false"/>
            <line number="44" hits="0" branch="false"/>
            <line number="45" hits="0" branch="false"/>
            <line number="46" hits="0" branch="false"/>
            <line number="47" hits="0" branch="false"/>
            <line number="48" hits="0" branch="false"/>
            <line number="49" hits="0" branch="false"/>
            <line number="50" hits="6" branch="false"/>
            <line number="51" hits="6" branch="false"/>
            <line number="52" hits="6" branch="true" condition-coverage="100% (1/1)"/>
            <line number="53" hits="10" branch="false"/>
            <line number="54" hits="10" branch="false"/>
            <line number="55" hits="10" branch="true" condition-coverage="100% (1/1)"/>
            <line number="56" hits="8" branch="false"/>
            <line number="57" hits="8" branch="true" condition-coverage="100% (1/1)"/>
            <line number="58" hits="4" branch="true" condition-coverage="0% (0/1)"/>
            <line number="59" hits="4" branch="true" condition-coverage="100% (1/1)"/>
            <line number="60" hits="2" branch="false"/>
            <line number="61" hits="2" branch="false"/>
            <line number="62" hits="2" branch="true" condition-coverage="0% (0/1)"/>
            <line number="63" hits="0" branch="false"/>
            <line number="64" hits="0" branch="false"/>
            <line number="65" hits="0" branch="false"/>
            <line number="66" hits="0" branch="false"/>
            <line number="67" hits="0" branch="false"/>
            <line number="68" hits="0" branch="false"/>
            <line number="69" hits="0" branch="false"/>
            <line number="70" hits="0" branch="false"/>
            <line number="71" hits="0" branch="false"/>
            <line number="72" hits="0" branch="false"/>
            <line number="73" hits="0" branch="false"/>
            <line number="74" hits="0" branch="false"/>
            <line number="75" hits="0" branch="false"/>
            <line number="76" hits="0" branch="false"/>
            <line number="77" hits="4" branch="false"/>
            <line number="78" hits="4" branch="false"/>
            <line number="79" hits="8" branch="true" condition-coverage="100% (1/1)"/>
            <line number="80" hits="10" branch="false"/>
            <line number="81" hits="10" branch="false"/>
            <line number="82" hits="10" branch="true" condition-coverage="100% (2/2)"/>
            <line number="83" hits="2" branch="false"/>
            <line number="84" hits="2" branch="false"/>
            <line number="85" hits="2" branch="false"/>
            <line number="86" hits="2" branch="false"/>
            <line number="87" hits="2" branch="false"/>
            <line number="88" hits="2" branch="true" condition-coverage="0% (0/1)"/>
            <line number="89" hits="0" branch="false"/>
            <line number="90" hits="0" branch="false"/>
            <line number="91" hits="10" branch="false"/>
            <line number="92" hits="10" branch="false"/>
            <line number="93" hits="10" branch="false"/>
            <line number="94" hits="0" branch="false"/>
            <line number="95" hits="0" branch="false"/>
            <line number="96" hits="0" branch="false"/>
            <line number="97" hits="10" branch="false"/>
            <line number="98" hits="10" branch="true" condition-coverage="100% (1/1)"/>
            <line number="99" hits="2" branch="false"/>
            <line number="100" hits="2" branch="false"/>
            <line number="101" hits="2" branch="false"/>
            <line number="102" hits="2" branch="false"/>
            <line number="103" hits="10" branch="false"/>
            <line number="104" hits="10" branch="false"/>
            <line number="105" hits="10" branch="true" condition-coverage="100% (1/1)"/>
            <line number="106" hits="2" branch="true" condition-coverage="0% (0/1)"/>
            <line number="107" hits="2" branch="false"/>
            <line number="108" hits="2" branch="false"/>
            <line number="109" hits="0" branch="false"/>
            <line number="110" hits="0" branch="false"/>
            <line number="111" hits="0" branch="false"/>
            <line number="112" hits="0" branch="false"/>
            <line number="113" hits="0" branch="false"/>
            <line number="114" hits="0" branch="false"/>
            <line number="115" hits="0" branch="false"/>
            <line number="116" hits="0" branch="false"/>
            <line number="117" hits="0" branch="false"/>
            <line number="118" hits="0" branch="false"/>
            <line number="119" hits="0" branch="false"/>
            <line number="120" hits="0" branch="false"/>
            <line number="121" hits="0" branch="false"/>
            <line number="122" hits="0" branch="false"/>
            <line number="123" hits="0" branch="false"/>
            <line number="124" hits="0" branch="false"/>
            <line number="125" hits="0" branch="false"/>
            <line number="126" hits="0" branch="false"/>
            <line number="127" hits="0" branch="false"/>
            <line number="128" hits="0" branch="false"/>
            <line number="129" hits="2" branch="false"/>
            <line number="130" hits="2" branch="false"/>
            <line number="131" hits="2" branch="false"/>
            <line number="132" hits="2" branch="false"/>
            <line number="133" hits="2" branch="false"/>
            <line number="134" hits="10" branch="false"/>
            <line number="135" hits="10" branch="false"/>
            <line number="136" hits="10" branch="true" condition-coverage="100% (1/1)"/>
            <line number="137" hits="2" branch="false"/>
            <line number="138" hits="2" branch="false"/>
            <line number="139" hits="2" branch="false"/>
            <line number="140" hits="2" branch="false"/>
            <line number="141" hits="2" branch="false"/>
            <line number="142" hits="2" branch="false"/>
            <line number="143" hits="2" branch="false"/>
            <line number="144" hits="2" branch="false"/>
            <line number="145" hits="10" branch="false"/>
            <line number="146" hits="10" branch="false"/>
            <line number="147" hits="10" branch="true" condition-coverage="100% (2/2)"/>
            <line number="148" hits="2" branch="false"/>
            <line number="149" hits="2" branch="true" condition-coverage="0% (0/1)"/>
            <line number="150" hits="2" branch="false"/>
            <line number="151" hits="2" branch="false"/>
            <line number="152" hits="2" branch="false"/>
            <line number="153" hits="2" branch="false"/>
            <line number="154" hits="2" branch="false"/>
            <line number="155" hits="2" branch="false"/>
            <line number="156" hits="2" branch="false"/>
            <line number="157" hits="2" branch="true" condition-coverage="100% (1/1)"/>
            <line number="158" hits="2" branch="false"/>
            <line number="159" hits="2" branch="false"/>
            <line number="160" hits="2" branch="false"/>
            <line number="161" hits="2" branch="false"/>
            <line number="162" hits="2" branch="false"/>
            <line number="163" hits="2" branch="true" condition-coverage="0% (0/1)"/>
            <line number="164" hits="0" branch="false"/>
            <line number="165" hits="0" branch="false"/>
            <line number="166" hits="0" branch="false"/>
            <line number="167" hits="0" branch="false"/>
            <line number="168" hits="0" branch="false"/>
            <line number="169" hits="2" branch="false"/>
            <line number="170" hits="2" branch="false"/>
            <line number="171" hits="2" branch="true" condition-coverage="0% (0/1)"/>
            <line number="172" hits="2" branch="false"/>
            <line number="173" hits="10" branch="false"/>
            <line number="174" hits="10" branch="false"/>
            <line number="175" hits="10" branch="false"/>
            <line number="176" hits="10" branch="false"/>
            <line number="177" hits="10" branch="false"/>
            <line number="178" hits="10" branch="false"/>
            <line number="179" hits="10" branch="false"/>
            <line number="180" hits="10" branch="false"/>
            <line number="181" hits="10" branch="false"/>
            <line number="182" hits="10" branch="false"/>
            <line number="183" hits="10" branch="false"/>
            <line number="184" hits="10" branch="false"/>
            <line number="185" hits="10" branch="false"/>
            <line number="186" hits="10" branch="false"/>
            <line number="187" hits="10" branch="false"/>
            <line number="188" hits="10" branch="true" condition-coverage="100% (4/4)"/>
            <line number="189" hits="10" branch="true" condition-coverage="100% (2/2)"/>
            <line number="190" hits="10" branch="false"/>
            <line number="191" hits="10" branch="false"/>
            <line number="192" hits="10" branch="false"/>
            <line number="193" hits="10" branch="false"/>
            <line number="194" hits="1" branch="false"/>
            <line number="195" hits="1" branch="false"/>
            <line number="196" hits="1" branch="false"/>
            <line number="197" hits="1" branch="false"/>
            <line number="198" hits="1" branch="false"/>
            <line number="199" hits="1" branch="false"/>
            <line number="200" hits="1" branch="false"/>
            <line number="201" hits="1" branch="false"/>
            <line number="202" hits="1" branch="false"/>
            <line number="203" hits="1" branch="false"/>
            <line number="204" hits="1" branch="false"/>
            <line number="205" hits="1" branch="false"/>
            <line number="206" hits="1" branch="false"/>
          </lines>
        </class>
        <class name="ProfileScreen.js" filename="screens\ProfileScreen.js" line-rate="0.9542" branch-rate="0.826">
          <methods>
            <method name="ProfileScreen" hits="23" signature="()V">
              <lines>
                <line number="9" hits="23"/>
              </lines>
            </method>
            <method name="logout" hits="1" signature="()V">
              <lines>
                <line number="85" hits="1"/>
              </lines>
            </method>
            <method name="onPress" hits="3" signature="()V">
              <lines>
                <line number="132" hits="3"/>
              </lines>
            </method>
          </methods>
          <lines>
            <line number="1" hits="1" branch="false"/>
            <line number="2" hits="1" branch="false"/>
            <line number="3" hits="1" branch="false"/>
            <line number="4" hits="1" branch="false"/>
            <line number="5" hits="1" branch="false"/>
            <line number="6" hits="1" branch="false"/>
            <line number="7" hits="1" branch="false"/>
            <line number="8" hits="1" branch="false"/>
            <line number="9" hits="1" branch="true" condition-coverage="100% (1/1)"/>
            <line number="10" hits="23" branch="false"/>
            <line number="11" hits="23" branch="false"/>
            <line number="12" hits="23" branch="false"/>
            <line number="13" hits="23" branch="false"/>
            <line number="14" hits="23" branch="false"/>
            <line number="15" hits="23" branch="false"/>
            <line number="16" hits="23" branch="false"/>
            <line number="17" hits="23" branch="false"/>
            <line number="18" hits="23" branch="false"/>
            <line number="19" hits="23" branch="false"/>
            <line number="20" hits="23" branch="false"/>
            <line number="21" hits="23" branch="false"/>
            <line number="22" hits="23" branch="true" condition-coverage="100% (2/2)"/>
            <line number="23" hits="7" branch="false"/>
            <line number="24" hits="7" branch="false"/>
            <line number="25" hits="7" branch="false"/>
            <line number="26" hits="7" branch="false"/>
            <line number="27" hits="7" branch="true" condition-coverage="66.66666666666666% (2/3)"/>
            <line number="28" hits="6" branch="false"/>
            <line number="29" hits="7" branch="true" condition-coverage="0% (0/1)"/>
            <line number="30" hits="7" branch="true" condition-coverage="0% (0/1)"/>
            <line number="31" hits="7" branch="true" condition-coverage="100% (1/1)"/>
            <line number="32" hits="7" branch="true" condition-coverage="100% (1/1)"/>
            <line number="33" hits="7" branch="true" condition-coverage="100% (1/1)"/>
            <line number="34" hits="7" branch="false"/>
            <line number="35" hits="7" branch="true" condition-coverage="100% (1/1)"/>
            <line number="36" hits="1" branch="false"/>
            <line number="37" hits="7" branch="false"/>
            <line number="38" hits="7" branch="false"/>
            <line number="39" hits="7" branch="false"/>
            <line number="40" hits="23" branch="false"/>
            <line number="41" hits="23" branch="false"/>
            <line number="42" hits="23" branch="true" condition-coverage="100% (1/1)"/>
            <line number="43" hits="23" branch="false"/>
            <line number="44" hits="23" branch="true" condition-coverage="100% (2/2)"/>
            <line number="45" hits="1" branch="false"/>
            <line number="46" hits="1" branch="true" condition-coverage="0% (0/1)"/>
            <line number="47" hits="1" branch="false"/>
            <line number="48" hits="1" branch="false"/>
            <line number="49" hits="1" branch="true" condition-coverage="0% (0/2)"/>
            <line number="50" hits="23" branch="false"/>
            <line number="51" hits="23" branch="false"/>
            <line number="52" hits="23" branch="true" condition-coverage="100% (2/2)"/>
            <line number="53" hits="3" branch="false"/>
            <line number="54" hits="3" branch="false"/>
            <line number="55" hits="3" branch="false"/>
            <line number="56" hits="3" branch="true" condition-coverage="0% (0/1)"/>
            <line number="57" hits="0" branch="false"/>
            <line number="58" hits="0" branch="false"/>
            <line number="59" hits="0" branch="false"/>
            <line number="60" hits="0" branch="false"/>
            <line number="61" hits="0" branch="false"/>
            <line number="62" hits="0" branch="false"/>
            <line number="63" hits="0" branch="false"/>
            <line number="64" hits="3" branch="false"/>
            <line number="65" hits="3" branch="false"/>
            <line number="66" hits="3" branch="false"/>
            <line number="67" hits="3" branch="false"/>
            <line number="68" hits="3" branch="false"/>
            <line number="69" hits="3" branch="true" condition-coverage="100% (1/1)"/>
            <line number="70" hits="2" branch="false"/>
            <line number="71" hits="2" branch="false"/>
            <line number="72" hits="3" branch="true" condition-coverage="50% (1/2)"/>
            <line number="73" hits="2" branch="false"/>
            <line number="74" hits="3" branch="true" condition-coverage="100% (1/1)"/>
            <line number="75" hits="3" branch="false"/>
            <line number="76" hits="3" branch="false"/>
            <line number="77" hits="3" branch="false"/>
            <line number="78" hits="3" branch="true" condition-coverage="100% (1/1)"/>
            <line number="79" hits="1" branch="false"/>
            <line number="80" hits="3" branch="false"/>
            <line number="81" hits="3" branch="false"/>
            <line number="82" hits="3" branch="false"/>
            <line number="83" hits="23" branch="false"/>
            <line number="84" hits="23" branch="false"/>
            <line number="85" hits="23" branch="true" condition-coverage="100% (1/1)"/>
            <line number="86" hits="1" branch="false"/>
            <line number="87" hits="1" branch="false"/>
            <line number="88" hits="23" branch="false"/>
            <line number="89" hits="23" branch="true" condition-coverage="100% (2/2)"/>
            <line number="90" hits="23" branch="true" condition-coverage="100% (1/1)"/>
            <line number="91" hits="1" branch="false"/>
            <line number="92" hits="1" branch="false"/>
            <line number="93" hits="1" branch="false"/>
            <line number="94" hits="1" branch="false"/>
            <line number="95" hits="12" branch="true" condition-coverage="100% (1/1)"/>
            <line number="96" hits="12" branch="false"/>
            <line number="97" hits="12" branch="false"/>
            <line number="98" hits="12" branch="false"/>
            <line number="99" hits="23" branch="true" condition-coverage="100% (2/2)"/>
            <line number="100" hits="23" branch="true" condition-coverage="100% (2/2)"/>
            <line number="101" hits="23" branch="false"/>
            <line number="102" hits="23" branch="false"/>
            <line number="103" hits="23" branch="false"/>
            <line number="104" hits="23" branch="false"/>
            <line number="105" hits="23" branch="true" condition-coverage="100% (2/2)"/>
            <line number="106" hits="23" branch="false"/>
            <line number="107" hits="23" branch="false"/>
            <line number="108" hits="23" branch="false"/>
            <line number="109" hits="23" branch="false"/>
            <line number="110" hits="23" branch="true" condition-coverage="100% (2/2)"/>
            <line number="111" hits="23" branch="false"/>
            <line number="112" hits="23" branch="false"/>
            <line number="113" hits="23" branch="false"/>
            <line number="114" hits="23" branch="false"/>
            <line number="115" hits="23" branch="true" condition-coverage="100% (2/2)"/>
            <line number="116" hits="23" branch="false"/>
            <line number="117" hits="23" branch="false"/>
            <line number="118" hits="23" branch="false"/>
            <line number="119" hits="23" branch="false"/>
            <line number="120" hits="23" branch="true" condition-coverage="100% (2/2)"/>
            <line number="121" hits="23" branch="false"/>
            <line number="122" hits="23" branch="false"/>
            <line number="123" hits="23" branch="false"/>
            <line number="124" hits="23" branch="false"/>
            <line number="125" hits="23" branch="false"/>
            <line number="126" hits="23" branch="false"/>
            <line number="127" hits="23" branch="false"/>
            <line number="128" hits="23" branch="false"/>
            <line number="129" hits="23" branch="true" condition-coverage="100% (1/1)"/>
            <line number="130" hits="4" branch="false"/>
            <line number="131" hits="8" branch="true" condition-coverage="100% (1/1)"/>
            <line number="132" hits="8" branch="true" condition-coverage="100% (1/1)"/>
            <line number="133" hits="23" branch="false"/>
            <line number="134" hits="23" branch="false"/>
            <line number="135" hits="23" branch="false"/>
            <line number="136" hits="23" branch="false"/>
            <line number="137" hits="23" branch="false"/>
            <line number="138" hits="23" branch="false"/>
            <line number="139" hits="1" branch="false"/>
            <line number="140" hits="1" branch="false"/>
            <line number="141" hits="1" branch="false"/>
            <line number="142" hits="1" branch="false"/>
            <line number="143" hits="1" branch="false"/>
            <line number="144" hits="1" branch="false"/>
            <line number="145" hits="1" branch="false"/>
            <line number="146" hits="1" branch="false"/>
            <line number="147" hits="1" branch="false"/>
            <line number="148" hits="1" branch="false"/>
            <line number="149" hits="1" branch="false"/>
            <line number="150" hits="1" branch="false"/>
            <line number="151" hits="1" branch="false"/>
            <line number="152" hits="1" branch="false"/>
            <line number="153" hits="1" branch="false"/>
          </lines>
        </class>
        <class name="RankingScreen.js" filename="screens\RankingScreen.js" line-rate="1" branch-rate="1">
          <methods>
            <method name="RankingScreen" hits="2" signature="()V">
              <lines>
                <line number="6" hits="2"/>
              </lines>
            </method>
            <method name="keyExtractor" hits="3" signature="()V">
              <lines>
                <line number="33" hits="3"/>
              </lines>
            </method>
            <method name="renderItem" hits="2" signature="()V">
              <lines>
                <line number="34" hits="2"/>
              </lines>
            </method>
          </methods>
          <lines>
            <line number="1" hits="1" branch="false"/>
            <line number="2" hits="1" branch="false"/>
            <line number="3" hits="1" branch="false"/>
            <line number="4" hits="1" branch="false"/>
            <line number="5" hits="1" branch="false"/>
            <line number="6" hits="1" branch="true" condition-coverage="100% (1/1)"/>
            <line number="7" hits="2" branch="false"/>
            <line number="8" hits="2" branch="false"/>
            <line number="9" hits="2" branch="false"/>
            <line number="10" hits="2" branch="false"/>
            <line number="11" hits="2" branch="true" condition-coverage="100% (1/1)"/>
            <line number="12" hits="1" branch="false"/>
            <line number="13" hits="1" branch="true" condition-coverage="100% (1/1)"/>
            <line number="14" hits="1" branch="true" condition-coverage="100% (1/1)"/>
            <line number="15" hits="1" branch="false"/>
            <line number="16" hits="1" branch="true" condition-coverage="100% (1/1)"/>
            <line number="17" hits="2" branch="false"/>
            <line number="18" hits="2" branch="false"/>
            <line number="19" hits="2" branch="true" condition-coverage="100% (1/1)"/>
            <line number="20" hits="1" branch="false"/>
            <line number="21" hits="1" branch="false"/>
            <line number="22" hits="1" branch="false"/>
            <line number="23" hits="1" branch="false"/>
            <line number="24" hits="1" branch="false"/>
            <line number="25" hits="1" branch="false"/>
            <line number="26" hits="1" branch="false"/>
            <line number="27" hits="1" branch="false"/>
            <line number="28" hits="1" branch="false"/>
            <line number="29" hits="1" branch="false"/>
            <line number="30" hits="1" branch="false"/>
            <line number="31" hits="1" branch="false"/>
            <line number="32" hits="1" branch="false"/>
            <line number="33" hits="1" branch="true" condition-coverage="100% (1/1)"/>
            <line number="34" hits="1" branch="true" condition-coverage="100% (1/1)"/>
            <line number="35" hits="2" branch="false"/>
            <line number="36" hits="2" branch="false"/>
            <line number="37" hits="2" branch="false"/>
            <line number="38" hits="2" branch="false"/>
            <line number="39" hits="2" branch="false"/>
            <line number="40" hits="1" branch="false"/>
            <line number="41" hits="1" branch="false"/>
            <line number="42" hits="1" branch="false"/>
            <line number="43" hits="1" branch="false"/>
            <line number="44" hits="1" branch="false"/>
            <line number="45" hits="1" branch="false"/>
            <line number="46" hits="1" branch="false"/>
            <line number="47" hits="1" branch="false"/>
            <line number="48" hits="1" branch="false"/>
            <line number="49" hits="1" branch="false"/>
            <line number="50" hits="1" branch="false"/>
            <line number="51" hits="1" branch="false"/>
            <line number="52" hits="1" branch="false"/>
            <line number="53" hits="1" branch="false"/>
            <line number="54" hits="1" branch="false"/>
          </lines>
        </class>
        <class name="RegisterScreen.js" filename="screens\RegisterScreen.js" line-rate="0.975" branch-rate="0.6520999999999999">
          <methods>
            <method name="RegisterScreen" hits="17" signature="()V">
              <lines>
                <line number="5" hits="17"/>
              </lines>
            </method>
          </methods>
          <lines>
            <line number="1" hits="1" branch="false"/>
            <line number="2" hits="1" branch="false"/>
            <line number="3" hits="1" branch="false"/>
            <line number="4" hits="1" branch="false"/>
            <line number="5" hits="1" branch="true" condition-coverage="100% (1/1)"/>
            <line number="6" hits="17" branch="false"/>
            <line number="7" hits="17" branch="false"/>
            <line number="8" hits="17" branch="false"/>
            <line number="9" hits="17" branch="false"/>
            <line number="10" hits="17" branch="false"/>
            <line number="11" hits="17" branch="false"/>
            <line number="12" hits="17" branch="false"/>
            <line number="13" hits="17" branch="false"/>
            <line number="14" hits="17" branch="false"/>
            <line number="15" hits="17" branch="false"/>
            <line number="16" hits="17" branch="true" condition-coverage="100% (2/2)"/>
            <line number="17" hits="3" branch="true" condition-coverage="100% (2/2)"/>
            <line number="18" hits="2" branch="false"/>
            <line number="19" hits="2" branch="false"/>
            <line number="20" hits="2" branch="false"/>
            <line number="21" hits="2" branch="false"/>
            <line number="22" hits="3" branch="true" condition-coverage="50% (1/2)"/>
            <line number="23" hits="2" branch="false"/>
            <line number="24" hits="3" branch="true" condition-coverage="0% (0/1)"/>
            <line number="25" hits="0" branch="false"/>
            <line number="26" hits="3" branch="true" condition-coverage="100% (1/1)"/>
            <line number="27" hits="2" branch="false"/>
            <line number="28" hits="2" branch="false"/>
            <line number="29" hits="17" branch="false"/>
            <line number="30" hits="17" branch="false"/>
            <line number="31" hits="17" branch="true" condition-coverage="100% (2/2)"/>
            <line number="32" hits="1" branch="true" condition-coverage="0% (0/1)"/>
            <line number="33" hits="1" branch="true" condition-coverage="0% (0/1)"/>
            <line number="34" hits="1" branch="true" condition-coverage="0% (0/1)"/>
            <line number="35" hits="1" branch="true" condition-coverage="0% (0/1)"/>
            <line number="36" hits="1" branch="false"/>
            <line number="37" hits="1" branch="false"/>
            <line number="38" hits="1" branch="false"/>
            <line number="39" hits="1" branch="false"/>
            <line number="40" hits="1" branch="true" condition-coverage="0% (0/1)"/>
            <line number="41" hits="1" branch="false"/>
            <line number="42" hits="1" branch="true" condition-coverage="0% (0/1)"/>
            <line number="43" hits="0" branch="false"/>
            <line number="44" hits="1" branch="false"/>
            <line number="45" hits="1" branch="false"/>
            <line number="46" hits="1" branch="false"/>
            <line number="47" hits="17" branch="false"/>
            <line number="48" hits="17" branch="false"/>
            <line number="49" hits="17" branch="false"/>
            <line number="50" hits="17" branch="false"/>
            <line number="51" hits="17" branch="true" condition-coverage="100% (1/1)"/>
            <line number="52" hits="7" branch="false"/>
            <line number="53" hits="7" branch="false"/>
            <line number="54" hits="7" branch="false"/>
            <line number="55" hits="7" branch="true" condition-coverage="100% (2/2)"/>
            <line number="56" hits="7" branch="false"/>
            <line number="57" hits="7" branch="false"/>
            <line number="58" hits="10" branch="true" condition-coverage="100% (1/1)"/>
            <line number="59" hits="10" branch="false"/>
            <line number="60" hits="10" branch="false"/>
            <line number="61" hits="10" branch="false"/>
            <line number="62" hits="10" branch="false"/>
            <line number="63" hits="10" branch="false"/>
            <line number="64" hits="10" branch="false"/>
            <line number="65" hits="10" branch="false"/>
            <line number="66" hits="10" branch="false"/>
            <line number="67" hits="10" branch="true" condition-coverage="100% (2/2)"/>
            <line number="68" hits="10" branch="false"/>
            <line number="69" hits="10" branch="false"/>
            <line number="70" hits="17" branch="false"/>
            <line number="71" hits="17" branch="false"/>
            <line number="72" hits="17" branch="false"/>
            <line number="73" hits="17" branch="false"/>
            <line number="74" hits="1" branch="false"/>
            <line number="75" hits="1" branch="false"/>
            <line number="76" hits="1" branch="false"/>
            <line number="77" hits="1" branch="false"/>
            <line number="78" hits="1" branch="false"/>
            <line number="79" hits="1" branch="false"/>
            <line number="80" hits="1" branch="false"/>
          </lines>
        </class>
        <class name="SurveyScreen.js" filename="screens\SurveyScreen.js" line-rate="0.9285" branch-rate="0.7585999999999999">
          <methods>
            <method name="SurveyScreen" hits="16" signature="()V">
              <lines>
                <line number="16" hits="16"/>
              </lines>
            </method>
            <method name="ensurePermission" hits="4" signature="()V">
              <lines>
                <line number="23" hits="4"/>
              </lines>
            </method>
            <method name="_ensurePermission" hits="4" signature="()V">
              <lines>
                <line number="24" hits="4"/>
              </lines>
            </method>
            <method name="getPositionFallback" hits="0" signature="()V">
              <lines>
                <line number="35" hits="0"/>
              </lines>
            </method>
            <method name="loadLocation" hits="4" signature="()V">
              <lines>
                <line number="40" hits="4"/>
              </lines>
            </method>
            <method name="_loadLocation" hits="4" signature="()V">
              <lines>
                <line number="41" hits="4"/>
              </lines>
            </method>
            <method name="onPress" hits="0" signature="()V">
              <lines>
                <line number="116" hits="0"/>
              </lines>
            </method>
          </methods>
          <lines>
            <line number="1" hits="1" branch="false"/>
            <line number="2" hits="1" branch="false"/>
            <line number="3" hits="1" branch="false"/>
            <line number="4" hits="1" branch="false"/>
            <line number="5" hits="1" branch="false"/>
            <line number="6" hits="1" branch="false"/>
            <line number="7" hits="1" branch="false"/>
            <line number="8" hits="1" branch="false"/>
            <line number="9" hits="1" branch="false"/>
            <line number="10" hits="1" branch="false"/>
            <line number="11" hits="1" branch="false"/>
            <line number="12" hits="1" branch="false"/>
            <line number="13" hits="1" branch="false"/>
            <line number="14" hits="1" branch="false"/>
            <line number="15" hits="1" branch="false"/>
            <line number="16" hits="1" branch="true" condition-coverage="100% (1/1)"/>
            <line number="17" hits="16" branch="false"/>
            <line number="18" hits="16" branch="false"/>
            <line number="19" hits="16" branch="false"/>
            <line number="20" hits="16" branch="false"/>
            <line number="21" hits="16" branch="false"/>
            <line number="22" hits="16" branch="false"/>
            <line number="23" hits="4" branch="true" condition-coverage="100% (1/1)"/>
            <line number="24" hits="16" branch="true" condition-coverage="100% (2/2)"/>
            <line number="25" hits="4" branch="false"/>
            <line number="26" hits="4" branch="false"/>
            <line number="27" hits="4" branch="false"/>
            <line number="28" hits="4" branch="false"/>
            <line number="29" hits="4" branch="false"/>
            <line number="30" hits="4" branch="true" condition-coverage="0% (0/1)"/>
            <line number="31" hits="0" branch="false"/>
            <line number="32" hits="0" branch="false"/>
            <line number="33" hits="4" branch="false"/>
            <line number="34" hits="16" branch="false"/>
            <line number="35" hits="16" branch="false"/>
            <line number="36" hits="0" branch="false"/>
            <line number="37" hits="0" branch="false"/>
            <line number="38" hits="0" branch="false"/>
            <line number="39" hits="0" branch="false"/>
            <line number="40" hits="4" branch="true" condition-coverage="100% (1/1)"/>
            <line number="41" hits="16" branch="true" condition-coverage="100% (2/2)"/>
            <line number="42" hits="4" branch="false"/>
            <line number="43" hits="4" branch="false"/>
            <line number="44" hits="4" branch="false"/>
            <line number="45" hits="4" branch="false"/>
            <line number="46" hits="4" branch="false"/>
            <line number="47" hits="4" branch="false"/>
            <line number="48" hits="4" branch="false"/>
            <line number="49" hits="4" branch="true" condition-coverage="0% (0/1)"/>
            <line number="50" hits="0" branch="false"/>
            <line number="51" hits="0" branch="false"/>
            <line number="52" hits="0" branch="false"/>
            <line number="53" hits="0" branch="false"/>
            <line number="54" hits="4" branch="false"/>
            <line number="55" hits="4" branch="true" condition-coverage="100% (1/1)"/>
            <line number="56" hits="1" branch="true" condition-coverage="0% (0/1)"/>
            <line number="57" hits="4" branch="false"/>
            <line number="58" hits="4" branch="false"/>
            <line number="59" hits="4" branch="false"/>
            <line number="60" hits="4" branch="false"/>
            <line number="61" hits="16" branch="false"/>
            <line number="62" hits="16" branch="true" condition-coverage="100% (1/1)"/>
            <line number="63" hits="16" branch="false"/>
            <line number="64" hits="16" branch="true" condition-coverage="100% (2/2)"/>
            <line number="65" hits="4" branch="true" condition-coverage="0% (0/1)"/>
            <line number="66" hits="4" branch="false"/>
            <line number="67" hits="4" branch="false"/>
            <line number="68" hits="4" branch="false"/>
            <line number="69" hits="4" branch="false"/>
            <line number="70" hits="4" branch="false"/>
            <line number="71" hits="4" branch="false"/>
            <line number="72" hits="4" branch="false"/>
            <line number="73" hits="4" branch="false"/>
            <line number="74" hits="4" branch="false"/>
            <line number="75" hits="4" branch="false"/>
            <line number="76" hits="4" branch="false"/>
            <line number="77" hits="4" branch="false"/>
            <line number="78" hits="4" branch="false"/>
            <line number="79" hits="4" branch="false"/>
            <line number="80" hits="4" branch="true" condition-coverage="50% (1/2)"/>
            <line number="81" hits="2" branch="false"/>
            <line number="82" hits="2" branch="false"/>
            <line number="83" hits="2" branch="false"/>
            <line number="84" hits="4" branch="false"/>
            <line number="85" hits="4" branch="false"/>
            <line number="86" hits="4" branch="false"/>
            <line number="87" hits="16" branch="false"/>
            <line number="88" hits="16" branch="false"/>
            <line number="89" hits="16" branch="false"/>
            <line number="90" hits="16" branch="false"/>
            <line number="91" hits="16" branch="true" condition-coverage="0% (0/1)"/>
            <line number="92" hits="16" branch="true" condition-coverage="100% (1/1)"/>
            <line number="93" hits="4" branch="false"/>
            <line number="94" hits="4" branch="false"/>
            <line number="95" hits="4" branch="false"/>
            <line number="96" hits="4" branch="false"/>
            <line number="97" hits="12" branch="true" condition-coverage="100% (1/1)"/>
            <line number="98" hits="12" branch="false"/>
            <line number="99" hits="12" branch="false"/>
            <line number="100" hits="12" branch="true" condition-coverage="100% (2/2)"/>
            <line number="101" hits="12" branch="false"/>
            <line number="102" hits="12" branch="false"/>
            <line number="103" hits="12" branch="false"/>
            <line number="104" hits="12" branch="false"/>
            <line number="105" hits="12" branch="false"/>
            <line number="106" hits="12" branch="false"/>
            <line number="107" hits="12" branch="true" condition-coverage="100% (1/1)"/>
            <line number="108" hits="48" branch="false"/>
            <line number="109" hits="12" branch="false"/>
            <line number="110" hits="12" branch="false"/>
            <line number="111" hits="12" branch="false"/>
            <line number="112" hits="12" branch="true" condition-coverage="100% (2/2)"/>
            <line number="113" hits="12" branch="true" condition-coverage="100% (2/2)"/>
            <line number="114" hits="12" branch="false"/>
            <line number="115" hits="12" branch="false"/>
            <line number="116" hits="12" branch="false"/>
            <line number="117" hits="12" branch="false"/>
            <line number="118" hits="12" branch="false"/>
            <line number="119" hits="12" branch="false"/>
            <line number="120" hits="12" branch="false"/>
            <line number="121" hits="12" branch="true" condition-coverage="0% (0/1)"/>
            <line number="122" hits="12" branch="false"/>
            <line number="123" hits="12" branch="false"/>
            <line number="124" hits="12" branch="true" condition-coverage="100% (1/1)"/>
            <line number="125" hits="12" branch="false"/>
            <line number="126" hits="16" branch="false"/>
            <line number="127" hits="16" branch="false"/>
            <line number="128" hits="16" branch="false"/>
            <line number="129" hits="16" branch="false"/>
            <line number="130" hits="1" branch="false"/>
            <line number="131" hits="1" branch="false"/>
            <line number="132" hits="1" branch="false"/>
            <line number="133" hits="1" branch="false"/>
            <line number="134" hits="1" branch="false"/>
            <line number="135" hits="1" branch="false"/>
            <line number="136" hits="1" branch="false"/>
            <line number="137" hits="1" branch="false"/>
            <line number="138" hits="1" branch="false"/>
            <line number="139" hits="1" branch="false"/>
            <line number="140" hits="1" branch="false"/>
          </lines>
        </class>
        <class name="UserProfileScreen.js" filename="screens\UserProfileScreen.js" line-rate="0.9856999999999999" branch-rate="0.6315">
          <methods>
            <method name="UserProfileScreen" hits="8" signature="()V">
              <lines>
                <line number="6" hits="8"/>
              </lines>
            </method>
            <method name="onPress" hits="1" signature="()V">
              <lines>
                <line number="37" hits="1"/>
              </lines>
            </method>
            <method name="onPress" hits="1" signature="()V">
              <lines>
                <line number="54" hits="1"/>
              </lines>
            </method>
          </methods>
          <lines>
            <line number="1" hits="1" branch="false"/>
            <line number="2" hits="1" branch="false"/>
            <line number="3" hits="1" branch="false"/>
            <line number="4" hits="1" branch="false"/>
            <line number="5" hits="1" branch="false"/>
            <line number="6" hits="1" branch="true" condition-coverage="100% (1/1)"/>
            <line number="7" hits="8" branch="true" condition-coverage="0% (0/1)"/>
            <line number="8" hits="8" branch="true" condition-coverage="100% (1/1)"/>
            <line number="9" hits="8" branch="false"/>
            <line number="10" hits="8" branch="false"/>
            <line number="11" hits="8" branch="false"/>
            <line number="12" hits="8" branch="false"/>
            <line number="13" hits="8" branch="false"/>
            <line number="14" hits="8" branch="true" condition-coverage="100% (2/2)"/>
            <line number="15" hits="2" branch="false"/>
            <line number="16" hits="2" branch="false"/>
            <line number="17" hits="2" branch="true" condition-coverage="0% (0/1)"/>
            <line number="18" hits="2" branch="false"/>
            <line number="19" hits="2" branch="false"/>
            <line number="20" hits="2" branch="true" condition-coverage="0% (0/1)"/>
            <line number="21" hits="0" branch="false"/>
            <line number="22" hits="2" branch="false"/>
            <line number="23" hits="2" branch="false"/>
            <line number="24" hits="2" branch="false"/>
            <line number="25" hits="8" branch="false"/>
            <line number="26" hits="8" branch="false"/>
            <line number="27" hits="8" branch="true" condition-coverage="100% (1/1)"/>
            <line number="28" hits="4" branch="true" condition-coverage="100% (1/1)"/>
            <line number="29" hits="2" branch="false"/>
            <line number="30" hits="8" branch="false"/>
            <line number="31" hits="8" branch="false"/>
            <line number="32" hits="8" branch="true" condition-coverage="100% (1/1)"/>
            <line number="33" hits="4" branch="false"/>
            <line number="34" hits="8" branch="true" condition-coverage="100% (1/1)"/>
            <line number="35" hits="2" branch="false"/>
            <line number="36" hits="2" branch="false"/>
            <line number="37" hits="2" branch="true" condition-coverage="100% (1/1)"/>
            <line number="38" hits="2" branch="false"/>
            <line number="39" hits="2" branch="false"/>
            <line number="40" hits="2" branch="false"/>
            <line number="41" hits="2" branch="false"/>
            <line number="42" hits="2" branch="false"/>
            <line number="43" hits="8" branch="true" condition-coverage="50% (1/2)"/>
            <line number="44" hits="2" branch="false"/>
            <line number="45" hits="2" branch="false"/>
            <line number="46" hits="2" branch="false"/>
            <line number="47" hits="2" branch="false"/>
            <line number="48" hits="2" branch="false"/>
            <line number="49" hits="8" branch="true" condition-coverage="50% (1/2)"/>
            <line number="50" hits="8" branch="false"/>
            <line number="51" hits="8" branch="true" condition-coverage="0% (0/1)"/>
            <line number="52" hits="8" branch="true" condition-coverage="0% (0/1)"/>
            <line number="53" hits="8" branch="false"/>
            <line number="54" hits="8" branch="true" condition-coverage="100% (1/1)"/>
            <line number="55" hits="8" branch="false"/>
            <line number="56" hits="8" branch="false"/>
            <line number="57" hits="8" branch="false"/>
            <line number="58" hits="8" branch="false"/>
            <line number="59" hits="8" branch="false"/>
            <line number="60" hits="1" branch="false"/>
            <line number="61" hits="1" branch="false"/>
            <line number="62" hits="1" branch="false"/>
            <line number="63" hits="1" branch="false"/>
            <line number="64" hits="1" branch="false"/>
            <line number="65" hits="1" branch="false"/>
            <line number="66" hits="1" branch="false"/>
            <line number="67" hits="1" branch="false"/>
            <line number="68" hits="1" branch="false"/>
            <line number="69" hits="1" branch="false"/>
            <line number="70" hits="1" branch="false"/>
          </lines>
        </class>
      </classes>
    </package>
  </packages>
</coverage>
