TN:
SF:screens\ChatListScreen.js
FN:7,ChatListScreen
FN:48,headerRight
FN:69,keyExtractor
FN:70,renderItem
FN:73,onPress
FNF:5
FNH:4
FNDA:4,ChatListScreen
FNDA:0,headerRight
FNDA:2,keyExtractor
FNDA:1,renderItem
FNDA:1,onPress
DA:1,1
DA:2,1
DA:3,1
DA:4,1
DA:5,1
DA:6,1
DA:7,1
DA:8,4
DA:9,4
DA:10,4
DA:11,4
DA:12,4
DA:13,4
DA:14,4
DA:15,2
DA:16,2
DA:17,2
DA:18,2
DA:19,2
DA:20,2
DA:21,2
DA:22,2
DA:23,1
DA:24,1
DA:25,1
DA:26,1
DA:27,1
DA:28,1
DA:29,1
DA:30,2
DA:31,2
DA:32,2
DA:33,2
DA:34,0
DA:35,0
DA:36,2
DA:37,2
DA:38,2
DA:39,2
DA:40,2
DA:41,2
DA:42,2
DA:43,4
DA:44,4
DA:45,4
DA:46,4
DA:47,4
DA:48,4
DA:49,0
DA:50,0
DA:51,0
DA:52,0
DA:53,0
DA:54,0
DA:55,4
DA:56,4
DA:57,4
DA:58,4
DA:59,4
DA:60,2
DA:61,2
DA:62,4
DA:63,1
DA:64,1
DA:65,1
DA:66,1
DA:67,1
DA:68,1
DA:69,1
DA:70,1
DA:71,1
DA:72,1
DA:73,1
DA:74,1
DA:75,1
DA:76,1
DA:77,1
DA:78,1
DA:79,1
DA:80,1
DA:81,1
DA:82,1
DA:83,1
DA:84,1
DA:85,1
DA:86,1
DA:87,1
DA:88,1
DA:89,1
DA:90,1
DA:91,1
DA:92,1
DA:93,1
DA:94,1
DA:95,1
DA:96,1
DA:97,1
DA:98,1
DA:99,1
DA:100,1
DA:101,1
DA:102,1
DA:103,1
DA:104,1
DA:105,1
LF:105
LH:97
BRDA:7,0,0,4
BRDA:59,1,0,2
BRDA:62,2,0,1
BRDA:14,3,0,2
BRDA:17,4,0,2
BRDA:33,5,0,0
BRDA:22,6,0,2
BRDA:22,7,0,1
BRDA:25,8,0,0
BRDA:30,9,0,1
BRDA:40,10,0,2
BRDA:46,11,0,4
BRDA:69,12,0,2
BRDA:70,13,0,1
BRDA:82,14,0,0
BRDA:73,15,0,1
BRF:16
BRH:13
end_of_record
TN:
SF:screens\ChatScreen.js
FN:8,ChatScreen
FN:83,renderAvatar
FN:87,onPress
FN:100,onPressAvatar
FN:102,renderBubble
FNF:5
FNH:3
FNDA:29,ChatScreen
FNDA:11,renderAvatar
FNDA:1,onPress
FNDA:0,onPressAvatar
FNDA:0,renderBubble
DA:1,1
DA:2,1
DA:3,1
DA:4,1
DA:5,1
DA:6,1
DA:7,1
DA:8,1
DA:9,29
DA:10,29
DA:11,29
DA:12,29
DA:13,29
DA:14,29
DA:15,29
DA:16,29
DA:17,29
DA:18,9
DA:19,9
DA:20,9
DA:21,9
DA:22,9
DA:23,9
DA:24,9
DA:25,9
DA:26,9
DA:27,9
DA:28,9
DA:29,9
DA:30,8
DA:31,3
DA:32,3
DA:33,3
DA:34,3
DA:35,8
DA:36,8
DA:37,9
DA:38,9
DA:39,9
DA:40,9
DA:41,0
DA:42,0
DA:43,0
DA:44,0
DA:45,0
DA:46,0
DA:47,0
DA:48,0
DA:49,9
DA:50,9
DA:51,9
DA:52,29
DA:53,29
DA:54,29
DA:55,11
DA:56,2
DA:57,2
DA:58,2
DA:59,29
DA:60,29
DA:61,29
DA:62,3
DA:63,1
DA:64,1
DA:65,1
DA:66,29
DA:67,29
DA:68,29
DA:69,18
DA:70,18
DA:71,18
DA:72,18
DA:73,18
DA:74,18
DA:75,18
DA:76,11
DA:77,11
DA:78,11
DA:79,11
DA:80,11
DA:81,11
DA:82,11
DA:83,11
DA:84,11
DA:85,11
DA:86,11
DA:87,11
DA:88,1
DA:89,1
DA:90,1
DA:91,1
DA:92,1
DA:93,11
DA:94,11
DA:95,0
DA:96,11
DA:97,11
DA:98,11
DA:99,11
DA:100,11
DA:101,11
DA:102,11
DA:103,0
DA:104,0
DA:105,0
DA:106,0
DA:107,0
DA:108,11
DA:109,11
DA:110,11
DA:111,11
DA:112,1
DA:113,1
DA:114,1
DA:115,1
LF:115
LH:101
BRDA:8,0,0,29
BRDA:68,1,0,18
BRDA:75,2,0,11
BRDA:17,3,0,9
BRDA:23,4,0,8
BRDA:24,5,0,8
BRDA:24,6,0,6
BRDA:28,7,0,8
BRDA:29,8,0,8
BRDA:30,9,0,3
BRDA:34,10,0,1
BRDA:34,11,0,2
BRDA:34,12,0,2
BRDA:34,13,0,1
BRDA:38,14,0,8
BRDA:51,15,0,9
BRDA:54,16,0,11
BRDA:55,17,0,9
BRDA:55,18,0,2
BRDA:56,19,0,2
BRDA:57,20,0,2
BRDA:57,21,0,1
BRDA:57,22,0,0
BRDA:57,23,0,1
BRDA:61,24,0,3
BRDA:61,25,0,0
BRDA:62,26,0,1
BRDA:64,27,0,1
BRDA:83,28,0,11
BRDA:95,29,0,0
BRDA:87,30,0,1
BRF:31
BRH:28
end_of_record
TN:
SF:screens\ForgotPasswordScreen.js
FN:5,ForgotPasswordScreen
FNF:1
FNH:1
FNDA:9,ForgotPasswordScreen
DA:1,1
DA:2,1
DA:3,1
DA:4,1
DA:5,1
DA:6,9
DA:7,9
DA:8,9
DA:9,9
DA:10,9
DA:11,9
DA:12,9
DA:13,9
DA:14,1
DA:15,1
DA:16,1
DA:17,1
DA:18,1
DA:19,1
DA:20,1
DA:21,1
DA:22,9
DA:23,9
DA:24,9
DA:25,1
DA:26,1
DA:27,1
DA:28,1
DA:29,1
DA:30,1
DA:31,1
DA:32,1
DA:33,1
DA:34,1
DA:35,1
DA:36,9
DA:37,9
DA:38,9
DA:39,9
DA:40,9
DA:41,3
DA:42,3
DA:43,9
DA:44,6
DA:45,6
DA:46,6
DA:47,6
DA:48,9
DA:49,9
DA:50,9
DA:51,9
DA:52,1
DA:53,1
DA:54,1
DA:55,1
DA:56,1
DA:57,1
DA:58,1
LF:58
LH:58
BRDA:5,0,0,9
BRDA:40,1,0,3
BRDA:42,2,0,1
BRDA:42,3,0,2
BRDA:43,4,0,6
BRDA:47,5,0,1
BRDA:47,6,0,5
BRDA:13,7,0,9
BRDA:13,8,0,1
BRDA:14,9,0,0
BRDA:19,10,0,0
BRDA:21,11,0,0
BRDA:24,12,0,9
BRDA:24,13,0,1
BRDA:25,14,0,0
BRDA:26,15,0,0
BRDA:27,16,0,0
BRDA:28,17,0,0
BRDA:33,18,0,0
BRDA:35,19,0,0
BRF:20
BRH:11
end_of_record
TN:
SF:screens\LoginScreen.js
FN:15,LoginScreen
FN:88,onPress
FN:100,onPress
FNF:3
FNH:3
FNDA:9,LoginScreen
FNDA:1,onPress
FNDA:1,onPress
DA:1,1
DA:2,1
DA:3,1
DA:4,1
DA:5,1
DA:6,1
DA:7,1
DA:8,1
DA:9,1
DA:10,1
DA:11,1
DA:12,1
DA:13,1
DA:14,1
DA:15,1
DA:16,9
DA:17,9
DA:18,9
DA:19,9
DA:20,9
DA:21,2
DA:22,1
DA:23,1
DA:24,1
DA:25,1
DA:26,1
DA:27,1
DA:28,1
DA:29,1
DA:30,2
DA:31,1
DA:32,2
DA:33,0
DA:34,2
DA:35,1
DA:36,1
DA:37,9
DA:38,9
DA:39,2
DA:40,2
DA:41,2
DA:42,2
DA:43,1
DA:44,2
DA:45,1
DA:46,1
DA:47,1
DA:48,1
DA:49,1
DA:50,1
DA:51,2
DA:52,1
DA:53,1
DA:54,1
DA:55,0
DA:56,1
DA:57,1
DA:58,1
DA:59,1
DA:60,9
DA:61,9
DA:62,9
DA:63,9
DA:64,9
DA:65,9
DA:66,9
DA:67,9
DA:68,9
DA:69,9
DA:70,9
DA:71,9
DA:72,9
DA:73,9
DA:74,9
DA:75,9
DA:76,9
DA:77,9
DA:78,9
DA:79,9
DA:80,9
DA:81,9
DA:82,9
DA:83,9
DA:84,9
DA:85,9
DA:86,9
DA:87,9
DA:88,9
DA:89,9
DA:90,9
DA:91,9
DA:92,9
DA:93,9
DA:94,9
DA:95,9
DA:96,9
DA:97,9
DA:98,9
DA:99,9
DA:100,9
DA:101,9
DA:102,9
DA:103,9
DA:104,9
DA:105,9
DA:106,9
DA:107,9
DA:108,9
DA:109,9
DA:110,9
DA:111,9
DA:112,9
DA:113,9
DA:114,9
DA:115,9
DA:116,1
DA:117,1
DA:118,1
DA:119,1
DA:120,1
DA:121,1
DA:122,1
DA:123,1
DA:124,1
DA:125,1
DA:126,1
DA:127,1
DA:128,1
DA:129,1
DA:130,1
DA:131,1
DA:132,1
DA:133,1
DA:134,1
DA:135,1
DA:136,1
LF:136
LH:134
BRDA:15,0,0,9
BRDA:92,1,0,1
BRDA:96,2,0,1
BRDA:96,3,0,8
BRDA:20,4,0,9
BRDA:20,5,0,2
BRDA:21,6,0,1
BRDA:21,7,0,1
BRDA:30,8,0,0
BRDA:30,9,0,1
BRDA:32,10,0,0
BRDA:34,11,0,1
BRDA:38,12,0,9
BRDA:38,13,0,2
BRDA:42,14,0,1
BRDA:44,15,0,0
BRDA:44,16,0,1
BRDA:51,17,0,0
BRDA:51,18,0,1
BRDA:54,19,0,0
BRDA:57,20,0,0
BRDA:61,21,0,5
BRDA:88,22,0,1
BRDA:100,23,0,1
BRF:24
BRH:18
end_of_record
TN:
SF:screens\MapScreen.js
FN:13,MapScreen
FN:43,bootstrapInitial
FN:44,_bootstrapInitial
FN:72,ensureInitialAndRemount
FN:73,_ensureInitialAndRemount
FN:82,animateTo
FN:86,fetchOccupancy
FN:87,_fetchOccupancy
FN:95,startPolling
FNF:9
FNH:9
FNDA:14,MapScreen
FNDA:7,bootstrapInitial
FNDA:4,_bootstrapInitial
FNDA:4,ensureInitialAndRemount
FNDA:4,_ensureInitialAndRemount
FNDA:2,animateTo
FNDA:9,fetchOccupancy
FNDA:4,_fetchOccupancy
FNDA:4,startPolling
DA:1,1
DA:2,1
DA:3,1
DA:4,1
DA:5,1
DA:6,1
DA:7,1
DA:8,1
DA:9,1
DA:10,1
DA:11,1
DA:12,1
DA:13,1
DA:14,14
DA:15,14
DA:16,14
DA:17,14
DA:18,14
DA:19,14
DA:20,14
DA:21,14
DA:22,14
DA:23,14
DA:24,14
DA:25,14
DA:26,4
DA:27,4
DA:28,14
DA:29,14
DA:30,14
DA:31,4
DA:32,0
DA:33,0
DA:34,0
DA:35,0
DA:36,4
DA:37,4
DA:38,4
DA:39,4
DA:40,4
DA:41,4
DA:42,14
DA:43,7
DA:44,14
DA:45,7
DA:46,7
DA:47,1
DA:48,1
DA:49,1
DA:50,1
DA:51,1
DA:52,1
DA:53,1
DA:54,1
DA:55,1
DA:56,6
DA:57,6
DA:58,7
DA:59,5
DA:60,5
DA:61,5
DA:62,5
DA:63,5
DA:64,5
DA:65,5
DA:66,5
DA:67,5
DA:68,5
DA:69,5
DA:70,7
DA:71,7
DA:72,4
DA:73,14
DA:74,4
DA:75,1
DA:76,1
DA:77,1
DA:78,3
DA:79,3
DA:80,4
DA:81,14
DA:82,14
DA:83,2
DA:84,2
DA:85,2
DA:86,9
DA:87,14
DA:88,9
DA:89,9
DA:90,9
DA:91,9
DA:92,9
DA:93,9
DA:94,14
DA:95,14
DA:96,4
DA:97,4
DA:98,4
DA:99,1
DA:100,1
DA:101,4
DA:102,6
DA:103,6
DA:104,3
DA:105,6
DA:106,6
DA:107,6
DA:108,2
DA:109,2
DA:110,6
DA:111,6
DA:112,0
DA:113,0
DA:114,0
DA:115,0
DA:116,0
DA:117,2
DA:118,4
DA:119,4
DA:120,14
DA:121,14
DA:122,4
DA:123,4
DA:124,4
DA:125,4
DA:126,4
DA:127,4
DA:128,4
DA:129,10
DA:130,10
DA:131,10
DA:132,10
DA:133,10
DA:134,10
DA:135,10
DA:136,10
DA:137,10
DA:138,10
DA:139,14
DA:140,14
DA:141,14
DA:142,14
DA:143,14
DA:144,14
DA:145,14
DA:146,14
DA:147,14
DA:148,1
DA:149,1
DA:150,1
DA:151,1
DA:152,1
DA:153,1
DA:154,1
DA:155,1
DA:156,1
LF:156
LH:147
BRDA:13,0,0,14
BRDA:121,1,0,10
BRDA:121,2,0,4
BRDA:128,3,0,10
BRDA:142,4,0,4
BRDA:143,5,0,0
BRDA:25,6,0,4
BRDA:30,7,0,4
BRDA:31,8,0,0
BRDA:38,9,0,4
BRDA:43,10,0,7
BRDA:44,11,0,4
BRDA:44,12,0,7
BRDA:46,13,0,1
BRDA:46,14,0,1
BRDA:46,15,0,1
BRDA:46,16,0,0
BRDA:46,17,0,1
BRDA:47,18,0,0
BRDA:55,19,0,6
BRDA:58,20,0,5
BRDA:61,21,0,0
BRDA:70,22,0,0
BRDA:72,23,0,4
BRDA:73,24,0,4
BRDA:73,25,0,4
BRDA:74,26,0,1
BRDA:77,27,0,3
BRDA:75,28,0,1
BRDA:79,29,0,3
BRDA:82,30,0,2
BRDA:83,31,0,0
BRDA:86,32,0,9
BRDA:87,33,0,4
BRDA:87,34,0,9
BRDA:92,35,0,0
BRDA:95,36,0,4
BRDA:96,37,0,0
BRDA:98,38,0,1
BRDA:98,39,0,1
BRDA:98,40,0,1
BRDA:101,41,0,6
BRDA:103,42,0,3
BRDA:103,43,0,3
BRDA:103,44,0,3
BRDA:105,45,0,0
BRDA:105,46,0,0
BRDA:105,47,0,0
BRDA:106,48,0,3
BRDA:106,49,0,1
BRDA:107,50,0,1
BRDA:107,51,0,1
BRDA:107,52,0,2
BRDA:110,53,0,0
BRDA:111,54,0,2
BRDA:112,55,0,0
BRDA:116,56,0,2
BRF:57
BRH:43
end_of_record
TN:
SF:screens\NearbyUsersScreen.js
FN:10,NearbyUsersScreen
FN:20,getQuickCoords
FN:21,_getQuickCoords
FN:60,keyExtractor
FN:61,renderItem
FN:66,onPress
FN:76,onRefresh
FNF:7
FNH:6
FNDA:4,NearbyUsersScreen
FNDA:2,getQuickCoords
FNDA:2,_getQuickCoords
FNDA:2,keyExtractor
FNDA:1,renderItem
FNDA:1,onPress
FNDA:0,onRefresh
DA:1,1
DA:2,1
DA:3,1
DA:4,1
DA:5,1
DA:6,1
DA:7,1
DA:8,1
DA:9,1
DA:10,1
DA:11,4
DA:12,4
DA:13,4
DA:14,4
DA:15,4
DA:16,4
DA:17,4
DA:18,4
DA:19,4
DA:20,2
DA:21,4
DA:22,2
DA:23,2
DA:24,2
DA:25,2
DA:26,2
DA:27,2
DA:28,2
DA:29,2
DA:30,2
DA:31,0
DA:32,0
DA:33,4
DA:34,4
DA:35,2
DA:36,2
DA:37,2
DA:38,2
DA:39,2
DA:40,2
DA:41,2
DA:42,2
DA:43,2
DA:44,0
DA:45,2
DA:46,2
DA:47,2
DA:48,4
DA:49,4
DA:50,4
DA:51,4
DA:52,2
DA:53,2
DA:54,2
DA:55,2
DA:56,1
DA:57,1
DA:58,1
DA:59,1
DA:60,1
DA:61,1
DA:62,1
DA:63,1
DA:64,1
DA:65,1
DA:66,1
DA:67,1
DA:68,1
DA:69,1
DA:70,1
DA:71,1
DA:72,1
DA:73,1
DA:74,1
DA:75,1
DA:76,1
DA:77,1
DA:78,4
DA:79,4
DA:80,4
DA:81,4
DA:82,1
DA:83,1
DA:84,1
DA:85,1
DA:86,1
DA:87,1
DA:88,1
DA:89,1
DA:90,1
DA:91,1
DA:92,1
DA:93,1
LF:93
LH:90
BRDA:10,0,0,4
BRDA:50,1,0,2
BRDA:51,2,0,0
BRDA:51,3,0,2
BRDA:55,4,0,1
BRDA:57,5,0,1
BRDA:18,6,0,2
BRDA:19,7,0,2
BRDA:20,8,0,2
BRDA:21,9,0,2
BRDA:21,10,0,2
BRDA:23,11,0,0
BRDA:23,12,0,0
BRDA:23,13,0,0
BRDA:23,14,0,0
BRDA:30,15,0,0
BRDA:34,16,0,4
BRDA:34,17,0,2
BRDA:34,18,0,0
BRDA:34,19,0,0
BRDA:35,20,0,0
BRDA:39,21,0,0
BRDA:43,22,0,0
BRDA:46,23,0,0
BRDA:60,24,0,2
BRDA:61,25,0,1
BRDA:68,26,0,0
BRDA:66,27,0,1
BRF:28
BRH:15
end_of_record
TN:
SF:screens\PomodoroScreen.js
FN:7,getDistance
FN:17,PomodoroScreen
FN:43,h
FN:93,getPositionFallback
FN:98,clearWatch
FN:105,startWatch
FN:108,_geolocation.default.watchPosition.enableHighAccuracy
FN:130,_geolocation.default.watchPosition.enableHighAccuracy
FN:136,stopPomodoro
FNF:9
FNH:4
FNDA:0,getDistance
FNDA:10,PomodoroScreen
FNDA:0,h
FNDA:0,getPositionFallback
FNDA:2,clearWatch
FNDA:2,startWatch
FNDA:0,_geolocation.default.watchPosition.enableHighAccuracy
FNDA:0,_geolocation.default.watchPosition.enableHighAccuracy
FNDA:2,stopPomodoro
DA:1,1
DA:2,1
DA:3,1
DA:4,1
DA:5,1
DA:6,1
DA:7,0
DA:8,0
DA:9,0
DA:10,0
DA:11,0
DA:12,0
DA:13,0
DA:14,0
DA:15,0
DA:16,1
DA:17,1
DA:18,10
DA:19,10
DA:20,10
DA:21,10
DA:22,10
DA:23,10
DA:24,10
DA:25,10
DA:26,10
DA:27,10
DA:28,10
DA:29,10
DA:30,10
DA:31,10
DA:32,10
DA:33,10
DA:34,10
DA:35,10
DA:36,10
DA:37,10
DA:38,10
DA:39,10
DA:40,10
DA:41,10
DA:42,10
DA:43,6
DA:44,0
DA:45,0
DA:46,0
DA:47,0
DA:48,0
DA:49,0
DA:50,6
DA:51,6
DA:52,6
DA:53,10
DA:54,10
DA:55,10
DA:56,8
DA:57,8
DA:58,4
DA:59,4
DA:60,2
DA:61,2
DA:62,2
DA:63,0
DA:64,0
DA:65,0
DA:66,0
DA:67,0
DA:68,0
DA:69,0
DA:70,0
DA:71,0
DA:72,0
DA:73,0
DA:74,0
DA:75,0
DA:76,0
DA:77,4
DA:78,4
DA:79,8
DA:80,10
DA:81,10
DA:82,10
DA:83,2
DA:84,2
DA:85,2
DA:86,2
DA:87,2
DA:88,2
DA:89,0
DA:90,0
DA:91,10
DA:92,10
DA:93,10
DA:94,0
DA:95,0
DA:96,0
DA:97,10
DA:98,10
DA:99,2
DA:100,2
DA:101,2
DA:102,2
DA:103,10
DA:104,10
DA:105,10
DA:106,2
DA:107,2
DA:108,2
DA:109,0
DA:110,0
DA:111,0
DA:112,0
DA:113,0
DA:114,0
DA:115,0
DA:116,0
DA:117,0
DA:118,0
DA:119,0
DA:120,0
DA:121,0
DA:122,0
DA:123,0
DA:124,0
DA:125,0
DA:126,0
DA:127,0
DA:128,0
DA:129,2
DA:130,2
DA:131,2
DA:132,2
DA:133,2
DA:134,10
DA:135,10
DA:136,10
DA:137,2
DA:138,2
DA:139,2
DA:140,2
DA:141,2
DA:142,2
DA:143,2
DA:144,2
DA:145,10
DA:146,10
DA:147,10
DA:148,2
DA:149,2
DA:150,2
DA:151,2
DA:152,2
DA:153,2
DA:154,2
DA:155,2
DA:156,2
DA:157,2
DA:158,2
DA:159,2
DA:160,2
DA:161,2
DA:162,2
DA:163,2
DA:164,0
DA:165,0
DA:166,0
DA:167,0
DA:168,0
DA:169,2
DA:170,2
DA:171,2
DA:172,2
DA:173,10
DA:174,10
DA:175,10
DA:176,10
DA:177,10
DA:178,10
DA:179,10
DA:180,10
DA:181,10
DA:182,10
DA:183,10
DA:184,10
DA:185,10
DA:186,10
DA:187,10
DA:188,10
DA:189,10
DA:190,10
DA:191,10
DA:192,10
DA:193,10
DA:194,1
DA:195,1
DA:196,1
DA:197,1
DA:198,1
DA:199,1
DA:200,1
DA:201,1
DA:202,1
DA:203,1
DA:204,1
DA:205,1
DA:206,1
LF:206
LH:147
BRDA:17,0,0,10
BRDA:188,1,0,6
BRDA:188,2,0,4
BRDA:188,3,0,6
BRDA:188,4,0,4
BRDA:189,5,0,6
BRDA:189,6,0,4
BRDA:39,7,0,6
BRDA:40,8,0,4
BRDA:42,9,0,6
BRDA:52,10,0,6
BRDA:55,11,0,8
BRDA:57,12,0,4
BRDA:58,13,0,0
BRDA:59,14,0,2
BRDA:62,15,0,0
BRDA:79,16,0,8
BRDA:82,17,0,10
BRDA:82,18,0,2
BRDA:88,19,0,0
BRDA:98,20,0,2
BRDA:105,21,0,2
BRDA:106,22,0,0
BRDA:136,23,0,2
BRDA:147,24,0,10
BRDA:147,25,0,2
BRDA:149,26,0,0
BRDA:157,27,0,2
BRDA:163,28,0,0
BRDA:171,29,0,0
BRF:30
BRH:23
end_of_record
TN:
SF:screens\ProfileScreen.js
FN:9,ProfileScreen
FN:85,logout
FN:132,onPress
FNF:3
FNH:3
FNDA:23,ProfileScreen
FNDA:1,logout
FNDA:3,onPress
DA:1,1
DA:2,1
DA:3,1
DA:4,1
DA:5,1
DA:6,1
DA:7,1
DA:8,1
DA:9,1
DA:10,23
DA:11,23
DA:12,23
DA:13,23
DA:14,23
DA:15,23
DA:16,23
DA:17,23
DA:18,23
DA:19,23
DA:20,23
DA:21,23
DA:22,23
DA:23,7
DA:24,7
DA:25,7
DA:26,7
DA:27,7
DA:28,6
DA:29,7
DA:30,7
DA:31,7
DA:32,7
DA:33,7
DA:34,7
DA:35,7
DA:36,1
DA:37,7
DA:38,7
DA:39,7
DA:40,23
DA:41,23
DA:42,23
DA:43,23
DA:44,23
DA:45,1
DA:46,1
DA:47,1
DA:48,1
DA:49,1
DA:50,23
DA:51,23
DA:52,23
DA:53,3
DA:54,3
DA:55,3
DA:56,3
DA:57,0
DA:58,0
DA:59,0
DA:60,0
DA:61,0
DA:62,0
DA:63,0
DA:64,3
DA:65,3
DA:66,3
DA:67,3
DA:68,3
DA:69,3
DA:70,2
DA:71,2
DA:72,3
DA:73,2
DA:74,3
DA:75,3
DA:76,3
DA:77,3
DA:78,3
DA:79,1
DA:80,3
DA:81,3
DA:82,3
DA:83,23
DA:84,23
DA:85,23
DA:86,1
DA:87,1
DA:88,23
DA:89,23
DA:90,23
DA:91,1
DA:92,1
DA:93,1
DA:94,1
DA:95,12
DA:96,12
DA:97,12
DA:98,12
DA:99,23
DA:100,23
DA:101,23
DA:102,23
DA:103,23
DA:104,23
DA:105,23
DA:106,23
DA:107,23
DA:108,23
DA:109,23
DA:110,23
DA:111,23
DA:112,23
DA:113,23
DA:114,23
DA:115,23
DA:116,23
DA:117,23
DA:118,23
DA:119,23
DA:120,23
DA:121,23
DA:122,23
DA:123,23
DA:124,23
DA:125,23
DA:126,23
DA:127,23
DA:128,23
DA:129,23
DA:130,4
DA:131,8
DA:132,8
DA:133,23
DA:134,23
DA:135,23
DA:136,23
DA:137,23
DA:138,23
DA:139,1
DA:140,1
DA:141,1
DA:142,1
DA:143,1
DA:144,1
DA:145,1
DA:146,1
DA:147,1
DA:148,1
DA:149,1
DA:150,1
DA:151,1
DA:152,1
DA:153,1
LF:153
LH:146
BRDA:9,0,0,23
BRDA:89,1,0,10
BRDA:89,2,0,13
BRDA:90,3,0,1
BRDA:95,4,0,12
BRDA:99,5,0,4
BRDA:99,6,0,8
BRDA:100,7,0,1
BRDA:100,8,0,11
BRDA:105,9,0,4
BRDA:105,10,0,8
BRDA:110,11,0,4
BRDA:110,12,0,8
BRDA:115,13,0,4
BRDA:115,14,0,8
BRDA:120,15,0,4
BRDA:120,16,0,8
BRDA:129,17,0,4
BRDA:131,18,0,8
BRDA:22,19,0,23
BRDA:22,20,0,7
BRDA:27,21,0,1
BRDA:27,22,0,0
BRDA:27,23,0,6
BRDA:29,24,0,0
BRDA:30,25,0,0
BRDA:31,26,0,6
BRDA:32,27,0,6
BRDA:33,28,0,6
BRDA:35,29,0,1
BRDA:42,30,0,6
BRDA:44,31,0,23
BRDA:44,32,0,1
BRDA:46,33,0,0
BRDA:49,34,0,0
BRDA:49,35,0,0
BRDA:52,36,0,23
BRDA:52,37,0,3
BRDA:56,38,0,0
BRDA:69,39,0,2
BRDA:72,40,0,0
BRDA:72,41,0,2
BRDA:74,42,0,1
BRDA:78,43,0,1
BRDA:85,44,0,1
BRDA:132,45,0,3
BRF:46
BRH:38
end_of_record
TN:
SF:screens\RankingScreen.js
FN:6,RankingScreen
FN:33,keyExtractor
FN:34,renderItem
FNF:3
FNH:3
FNDA:2,RankingScreen
FNDA:3,keyExtractor
FNDA:2,renderItem
DA:1,1
DA:2,1
DA:3,1
DA:4,1
DA:5,1
DA:6,1
DA:7,2
DA:8,2
DA:9,2
DA:10,2
DA:11,2
DA:12,1
DA:13,1
DA:14,1
DA:15,1
DA:16,1
DA:17,2
DA:18,2
DA:19,2
DA:20,1
DA:21,1
DA:22,1
DA:23,1
DA:24,1
DA:25,1
DA:26,1
DA:27,1
DA:28,1
DA:29,1
DA:30,1
DA:31,1
DA:32,1
DA:33,1
DA:34,1
DA:35,2
DA:36,2
DA:37,2
DA:38,2
DA:39,2
DA:40,1
DA:41,1
DA:42,1
DA:43,1
DA:44,1
DA:45,1
DA:46,1
DA:47,1
DA:48,1
DA:49,1
DA:50,1
DA:51,1
DA:52,1
DA:53,1
DA:54,1
LF:54
LH:54
BRDA:6,0,0,2
BRDA:19,1,0,1
BRDA:11,2,0,1
BRDA:13,3,0,1
BRDA:14,4,0,1
BRDA:16,5,0,1
BRDA:33,6,0,3
BRDA:34,7,0,2
BRF:8
BRH:8
end_of_record
TN:
SF:screens\RegisterScreen.js
FN:5,RegisterScreen
FNF:1
FNH:1
FNDA:17,RegisterScreen
DA:1,1
DA:2,1
DA:3,1
DA:4,1
DA:5,1
DA:6,17
DA:7,17
DA:8,17
DA:9,17
DA:10,17
DA:11,17
DA:12,17
DA:13,17
DA:14,17
DA:15,17
DA:16,17
DA:17,3
DA:18,2
DA:19,2
DA:20,2
DA:21,2
DA:22,3
DA:23,2
DA:24,3
DA:25,0
DA:26,3
DA:27,2
DA:28,2
DA:29,17
DA:30,17
DA:31,17
DA:32,1
DA:33,1
DA:34,1
DA:35,1
DA:36,1
DA:37,1
DA:38,1
DA:39,1
DA:40,1
DA:41,1
DA:42,1
DA:43,0
DA:44,1
DA:45,1
DA:46,1
DA:47,17
DA:48,17
DA:49,17
DA:50,17
DA:51,17
DA:52,7
DA:53,7
DA:54,7
DA:55,7
DA:56,7
DA:57,7
DA:58,10
DA:59,10
DA:60,10
DA:61,10
DA:62,10
DA:63,10
DA:64,10
DA:65,10
DA:66,10
DA:67,10
DA:68,10
DA:69,10
DA:70,17
DA:71,17
DA:72,17
DA:73,17
DA:74,1
DA:75,1
DA:76,1
DA:77,1
DA:78,1
DA:79,1
DA:80,1
LF:80
LH:78
BRDA:5,0,0,17
BRDA:51,1,0,7
BRDA:55,2,0,2
BRDA:55,3,0,5
BRDA:58,4,0,10
BRDA:67,5,0,1
BRDA:67,6,0,9
BRDA:16,7,0,17
BRDA:16,8,0,3
BRDA:17,9,0,1
BRDA:17,10,0,2
BRDA:22,11,0,0
BRDA:22,12,0,2
BRDA:24,13,0,0
BRDA:26,14,0,2
BRDA:31,15,0,17
BRDA:31,16,0,1
BRDA:32,17,0,0
BRDA:33,18,0,0
BRDA:34,19,0,0
BRDA:35,20,0,0
BRDA:40,21,0,0
BRDA:42,22,0,0
BRF:23
BRH:15
end_of_record
TN:
SF:screens\SurveyScreen.js
FN:16,SurveyScreen
FN:23,ensurePermission
FN:24,_ensurePermission
FN:35,getPositionFallback
FN:40,loadLocation
FN:41,_loadLocation
FN:116,onPress
FNF:7
FNH:5
FNDA:16,SurveyScreen
FNDA:4,ensurePermission
FNDA:4,_ensurePermission
FNDA:0,getPositionFallback
FNDA:4,loadLocation
FNDA:4,_loadLocation
FNDA:0,onPress
DA:1,1
DA:2,1
DA:3,1
DA:4,1
DA:5,1
DA:6,1
DA:7,1
DA:8,1
DA:9,1
DA:10,1
DA:11,1
DA:12,1
DA:13,1
DA:14,1
DA:15,1
DA:16,1
DA:17,16
DA:18,16
DA:19,16
DA:20,16
DA:21,16
DA:22,16
DA:23,4
DA:24,16
DA:25,4
DA:26,4
DA:27,4
DA:28,4
DA:29,4
DA:30,4
DA:31,0
DA:32,0
DA:33,4
DA:34,16
DA:35,16
DA:36,0
DA:37,0
DA:38,0
DA:39,0
DA:40,4
DA:41,16
DA:42,4
DA:43,4
DA:44,4
DA:45,4
DA:46,4
DA:47,4
DA:48,4
DA:49,4
DA:50,0
DA:51,0
DA:52,0
DA:53,0
DA:54,4
DA:55,4
DA:56,1
DA:57,4
DA:58,4
DA:59,4
DA:60,4
DA:61,16
DA:62,16
DA:63,16
DA:64,16
DA:65,4
DA:66,4
DA:67,4
DA:68,4
DA:69,4
DA:70,4
DA:71,4
DA:72,4
DA:73,4
DA:74,4
DA:75,4
DA:76,4
DA:77,4
DA:78,4
DA:79,4
DA:80,4
DA:81,2
DA:82,2
DA:83,2
DA:84,4
DA:85,4
DA:86,4
DA:87,16
DA:88,16
DA:89,16
DA:90,16
DA:91,16
DA:92,16
DA:93,4
DA:94,4
DA:95,4
DA:96,4
DA:97,12
DA:98,12
DA:99,12
DA:100,12
DA:101,12
DA:102,12
DA:103,12
DA:104,12
DA:105,12
DA:106,12
DA:107,12
DA:108,48
DA:109,12
DA:110,12
DA:111,12
DA:112,12
DA:113,12
DA:114,12
DA:115,12
DA:116,12
DA:117,12
DA:118,12
DA:119,12
DA:120,12
DA:121,12
DA:122,12
DA:123,12
DA:124,12
DA:125,12
DA:126,16
DA:127,16
DA:128,16
DA:129,16
DA:130,1
DA:131,1
DA:132,1
DA:133,1
DA:134,1
DA:135,1
DA:136,1
DA:137,1
DA:138,1
DA:139,1
DA:140,1
LF:140
LH:130
BRDA:16,0,0,16
BRDA:91,1,0,0
BRDA:92,2,0,4
BRDA:97,3,0,12
BRDA:100,4,0,11
BRDA:100,5,0,1
BRDA:112,6,0,4
BRDA:112,7,0,8
BRDA:113,8,0,4
BRDA:113,9,0,8
BRDA:121,10,0,0
BRDA:124,11,0,2
BRDA:23,12,0,4
BRDA:24,13,0,4
BRDA:24,14,0,4
BRDA:30,15,0,0
BRDA:40,16,0,4
BRDA:41,17,0,4
BRDA:41,18,0,4
BRDA:49,19,0,0
BRDA:55,20,0,1
BRDA:56,21,0,0
BRDA:62,22,0,4
BRDA:64,23,0,16
BRDA:64,24,0,4
BRDA:65,25,0,0
BRDA:80,26,0,2
BRDA:80,27,0,0
BRDA:107,28,0,48
BRF:29
BRH:22
end_of_record
TN:
SF:screens\UserProfileScreen.js
FN:6,UserProfileScreen
FN:37,onPress
FN:54,onPress
FNF:3
FNH:3
FNDA:8,UserProfileScreen
FNDA:1,onPress
FNDA:1,onPress
DA:1,1
DA:2,1
DA:3,1
DA:4,1
DA:5,1
DA:6,1
DA:7,8
DA:8,8
DA:9,8
DA:10,8
DA:11,8
DA:12,8
DA:13,8
DA:14,8
DA:15,2
DA:16,2
DA:17,2
DA:18,2
DA:19,2
DA:20,2
DA:21,0
DA:22,2
DA:23,2
DA:24,2
DA:25,8
DA:26,8
DA:27,8
DA:28,4
DA:29,2
DA:30,8
DA:31,8
DA:32,8
DA:33,4
DA:34,8
DA:35,2
DA:36,2
DA:37,2
DA:38,2
DA:39,2
DA:40,2
DA:41,2
DA:42,2
DA:43,8
DA:44,2
DA:45,2
DA:46,2
DA:47,2
DA:48,2
DA:49,8
DA:50,8
DA:51,8
DA:52,8
DA:53,8
DA:54,8
DA:55,8
DA:56,8
DA:57,8
DA:58,8
DA:59,8
DA:60,1
DA:61,1
DA:62,1
DA:63,1
DA:64,1
DA:65,1
DA:66,1
DA:67,1
DA:68,1
DA:69,1
DA:70,1
LF:70
LH:69
BRDA:6,0,0,8
BRDA:7,1,0,0
BRDA:8,2,0,4
BRDA:32,3,0,4
BRDA:34,4,0,2
BRDA:43,5,0,0
BRDA:43,6,0,2
BRDA:49,7,0,0
BRDA:49,8,0,2
BRDA:51,9,0,0
BRDA:52,10,0,0
BRDA:14,11,0,8
BRDA:14,12,0,2
BRDA:17,13,0,0
BRDA:20,14,0,0
BRDA:27,15,0,4
BRDA:28,16,0,2
BRDA:37,17,0,1
BRDA:54,18,0,1
BRF:19
BRH:12
end_of_record
